{"/Users/harry/Dev/GIT/style-shifter/src/CSSProcessor.ts": {"path":"/Users/harry/Dev/GIT/style-shifter/src/CSSProcessor.ts","all":false,"statementMap":{"0":{"start":{"line":1,"column":0},"end":{"line":1,"column":3}},"1":{"start":{"line":2,"column":0},"end":{"line":2,"column":74}},"2":{"start":{"line":3,"column":0},"end":{"line":3,"column":3}},"3":{"start":{"line":4,"column":0},"end":{"line":4,"column":0}},"4":{"start":{"line":5,"column":0},"end":{"line":5,"column":32}},"5":{"start":{"line":6,"column":0},"end":{"line":6,"column":116}},"6":{"start":{"line":7,"column":0},"end":{"line":7,"column":48}},"7":{"start":{"line":8,"column":0},"end":{"line":8,"column":0}},"8":{"start":{"line":9,"column":0},"end":{"line":9,"column":27}},"9":{"start":{"line":10,"column":0},"end":{"line":10,"column":28}},"10":{"start":{"line":11,"column":0},"end":{"line":11,"column":49}},"11":{"start":{"line":12,"column":0},"end":{"line":12,"column":35}},"12":{"start":{"line":13,"column":0},"end":{"line":13,"column":62}},"13":{"start":{"line":14,"column":0},"end":{"line":14,"column":45}},"14":{"start":{"line":15,"column":0},"end":{"line":15,"column":46}},"15":{"start":{"line":16,"column":0},"end":{"line":16,"column":36}},"16":{"start":{"line":17,"column":0},"end":{"line":17,"column":49}},"17":{"start":{"line":18,"column":0},"end":{"line":18,"column":2}},"18":{"start":{"line":19,"column":0},"end":{"line":19,"column":60}},"19":{"start":{"line":20,"column":0},"end":{"line":20,"column":0}},"20":{"start":{"line":21,"column":0},"end":{"line":21,"column":45}},"21":{"start":{"line":22,"column":0},"end":{"line":22,"column":39}},"22":{"start":{"line":23,"column":0},"end":{"line":23,"column":31}},"23":{"start":{"line":24,"column":0},"end":{"line":24,"column":33}},"24":{"start":{"line":25,"column":0},"end":{"line":25,"column":39}},"25":{"start":{"line":26,"column":0},"end":{"line":26,"column":53}},"26":{"start":{"line":27,"column":0},"end":{"line":27,"column":55}},"27":{"start":{"line":28,"column":0},"end":{"line":28,"column":29}},"28":{"start":{"line":29,"column":0},"end":{"line":29,"column":34}},"29":{"start":{"line":30,"column":0},"end":{"line":30,"column":4}},"30":{"start":{"line":31,"column":0},"end":{"line":31,"column":34}},"31":{"start":{"line":32,"column":0},"end":{"line":32,"column":55}},"32":{"start":{"line":33,"column":0},"end":{"line":33,"column":57}},"33":{"start":{"line":34,"column":0},"end":{"line":34,"column":59}},"34":{"start":{"line":35,"column":0},"end":{"line":35,"column":63}},"35":{"start":{"line":36,"column":0},"end":{"line":36,"column":57}},"36":{"start":{"line":37,"column":0},"end":{"line":37,"column":61}},"37":{"start":{"line":38,"column":0},"end":{"line":38,"column":61}},"38":{"start":{"line":39,"column":0},"end":{"line":39,"column":4}},"39":{"start":{"line":40,"column":0},"end":{"line":40,"column":34}},"40":{"start":{"line":41,"column":0},"end":{"line":41,"column":58}},"41":{"start":{"line":42,"column":0},"end":{"line":42,"column":60}},"42":{"start":{"line":43,"column":0},"end":{"line":43,"column":72}},"43":{"start":{"line":44,"column":0},"end":{"line":44,"column":3}},"44":{"start":{"line":45,"column":0},"end":{"line":45,"column":0}},"45":{"start":{"line":46,"column":0},"end":{"line":46,"column":5}},"46":{"start":{"line":47,"column":0},"end":{"line":47,"column":35}},"47":{"start":{"line":48,"column":0},"end":{"line":48,"column":5}},"48":{"start":{"line":49,"column":0},"end":{"line":49,"column":64}},"49":{"start":{"line":50,"column":0},"end":{"line":50,"column":36}},"50":{"start":{"line":51,"column":0},"end":{"line":51,"column":3}},"51":{"start":{"line":52,"column":0},"end":{"line":52,"column":0}},"52":{"start":{"line":53,"column":0},"end":{"line":53,"column":5}},"53":{"start":{"line":54,"column":0},"end":{"line":54,"column":46}},"54":{"start":{"line":55,"column":0},"end":{"line":55,"column":5}},"55":{"start":{"line":56,"column":0},"end":{"line":56,"column":39}},"56":{"start":{"line":57,"column":0},"end":{"line":57,"column":43}},"57":{"start":{"line":58,"column":0},"end":{"line":58,"column":13}},"58":{"start":{"line":59,"column":0},"end":{"line":59,"column":5}},"59":{"start":{"line":60,"column":0},"end":{"line":60,"column":0}},"60":{"start":{"line":61,"column":0},"end":{"line":61,"column":26}},"61":{"start":{"line":62,"column":0},"end":{"line":62,"column":45}},"62":{"start":{"line":63,"column":0},"end":{"line":63,"column":4}},"63":{"start":{"line":64,"column":0},"end":{"line":64,"column":50}},"64":{"start":{"line":65,"column":0},"end":{"line":65,"column":35}},"65":{"start":{"line":66,"column":0},"end":{"line":66,"column":6}},"66":{"start":{"line":67,"column":0},"end":{"line":67,"column":23}},"67":{"start":{"line":68,"column":0},"end":{"line":68,"column":13}},"68":{"start":{"line":69,"column":0},"end":{"line":69,"column":65}},"69":{"start":{"line":70,"column":0},"end":{"line":70,"column":21}},"70":{"start":{"line":71,"column":0},"end":{"line":71,"column":56}},"71":{"start":{"line":72,"column":0},"end":{"line":72,"column":9}},"72":{"start":{"line":73,"column":0},"end":{"line":73,"column":7}},"73":{"start":{"line":74,"column":0},"end":{"line":74,"column":5}},"74":{"start":{"line":75,"column":0},"end":{"line":75,"column":0}},"75":{"start":{"line":76,"column":0},"end":{"line":76,"column":34}},"76":{"start":{"line":77,"column":0},"end":{"line":77,"column":42}},"77":{"start":{"line":78,"column":0},"end":{"line":78,"column":5}},"78":{"start":{"line":79,"column":0},"end":{"line":79,"column":0}},"79":{"start":{"line":80,"column":0},"end":{"line":80,"column":37}},"80":{"start":{"line":81,"column":0},"end":{"line":81,"column":3}},"81":{"start":{"line":82,"column":0},"end":{"line":82,"column":0}},"82":{"start":{"line":83,"column":0},"end":{"line":83,"column":5}},"83":{"start":{"line":84,"column":0},"end":{"line":84,"column":51}},"84":{"start":{"line":85,"column":0},"end":{"line":85,"column":5}},"85":{"start":{"line":86,"column":0},"end":{"line":86,"column":75}},"86":{"start":{"line":87,"column":0},"end":{"line":87,"column":24}},"87":{"start":{"line":88,"column":0},"end":{"line":88,"column":20}},"88":{"start":{"line":89,"column":0},"end":{"line":89,"column":4}},"89":{"start":{"line":90,"column":0},"end":{"line":90,"column":9}},"90":{"start":{"line":91,"column":0},"end":{"line":91,"column":39}},"91":{"start":{"line":92,"column":0},"end":{"line":92,"column":64}},"92":{"start":{"line":93,"column":0},"end":{"line":93,"column":17}},"93":{"start":{"line":94,"column":0},"end":{"line":94,"column":29}},"94":{"start":{"line":95,"column":0},"end":{"line":95,"column":17}},"95":{"start":{"line":96,"column":0},"end":{"line":96,"column":13}},"96":{"start":{"line":97,"column":0},"end":{"line":97,"column":5}},"97":{"start":{"line":98,"column":0},"end":{"line":98,"column":0}},"98":{"start":{"line":99,"column":0},"end":{"line":99,"column":35}},"99":{"start":{"line":100,"column":0},"end":{"line":100,"column":13}},"100":{"start":{"line":101,"column":0},"end":{"line":101,"column":5}},"101":{"start":{"line":102,"column":0},"end":{"line":102,"column":0}},"102":{"start":{"line":103,"column":0},"end":{"line":103,"column":52}},"103":{"start":{"line":104,"column":0},"end":{"line":104,"column":35}},"104":{"start":{"line":105,"column":0},"end":{"line":105,"column":21}},"105":{"start":{"line":106,"column":0},"end":{"line":106,"column":27}},"106":{"start":{"line":107,"column":0},"end":{"line":107,"column":20}},"107":{"start":{"line":108,"column":0},"end":{"line":108,"column":0}},"108":{"start":{"line":109,"column":0},"end":{"line":109,"column":25}},"109":{"start":{"line":110,"column":0},"end":{"line":110,"column":36}},"110":{"start":{"line":111,"column":0},"end":{"line":111,"column":55}},"111":{"start":{"line":112,"column":0},"end":{"line":112,"column":66}},"112":{"start":{"line":113,"column":0},"end":{"line":113,"column":46}},"113":{"start":{"line":114,"column":0},"end":{"line":114,"column":0}},"114":{"start":{"line":115,"column":0},"end":{"line":115,"column":25}},"115":{"start":{"line":116,"column":0},"end":{"line":116,"column":60}},"116":{"start":{"line":117,"column":0},"end":{"line":117,"column":8}},"117":{"start":{"line":118,"column":0},"end":{"line":118,"column":45}},"118":{"start":{"line":119,"column":0},"end":{"line":119,"column":84}},"119":{"start":{"line":120,"column":0},"end":{"line":120,"column":61}},"120":{"start":{"line":121,"column":0},"end":{"line":121,"column":10}},"121":{"start":{"line":122,"column":0},"end":{"line":122,"column":42}},"122":{"start":{"line":123,"column":0},"end":{"line":123,"column":27}},"123":{"start":{"line":124,"column":0},"end":{"line":124,"column":32}},"124":{"start":{"line":125,"column":0},"end":{"line":125,"column":23}},"125":{"start":{"line":126,"column":0},"end":{"line":126,"column":21}},"126":{"start":{"line":127,"column":0},"end":{"line":127,"column":41}},"127":{"start":{"line":128,"column":0},"end":{"line":128,"column":12}},"128":{"start":{"line":129,"column":0},"end":{"line":129,"column":0}},"129":{"start":{"line":130,"column":0},"end":{"line":130,"column":32}},"130":{"start":{"line":131,"column":0},"end":{"line":131,"column":55}},"131":{"start":{"line":132,"column":0},"end":{"line":132,"column":54}},"132":{"start":{"line":133,"column":0},"end":{"line":133,"column":34}},"133":{"start":{"line":134,"column":0},"end":{"line":134,"column":38}},"134":{"start":{"line":135,"column":0},"end":{"line":135,"column":13}},"135":{"start":{"line":136,"column":0},"end":{"line":136,"column":11}},"136":{"start":{"line":137,"column":0},"end":{"line":137,"column":0}},"137":{"start":{"line":138,"column":0},"end":{"line":138,"column":33}},"138":{"start":{"line":139,"column":0},"end":{"line":139,"column":56}},"139":{"start":{"line":140,"column":0},"end":{"line":140,"column":54}},"140":{"start":{"line":141,"column":0},"end":{"line":141,"column":34}},"141":{"start":{"line":142,"column":0},"end":{"line":142,"column":38}},"142":{"start":{"line":143,"column":0},"end":{"line":143,"column":13}},"143":{"start":{"line":144,"column":0},"end":{"line":144,"column":11}},"144":{"start":{"line":145,"column":0},"end":{"line":145,"column":0}},"145":{"start":{"line":146,"column":0},"end":{"line":146,"column":46}},"146":{"start":{"line":147,"column":0},"end":{"line":147,"column":45}},"147":{"start":{"line":148,"column":0},"end":{"line":148,"column":11}},"148":{"start":{"line":149,"column":0},"end":{"line":149,"column":10}},"149":{"start":{"line":150,"column":0},"end":{"line":150,"column":55}},"150":{"start":{"line":151,"column":0},"end":{"line":151,"column":9}},"151":{"start":{"line":152,"column":0},"end":{"line":152,"column":7}},"152":{"start":{"line":153,"column":0},"end":{"line":153,"column":0}},"153":{"start":{"line":154,"column":0},"end":{"line":154,"column":43}},"154":{"start":{"line":155,"column":0},"end":{"line":155,"column":5}},"155":{"start":{"line":156,"column":0},"end":{"line":156,"column":3}},"156":{"start":{"line":157,"column":0},"end":{"line":157,"column":0}},"157":{"start":{"line":158,"column":0},"end":{"line":158,"column":5}},"158":{"start":{"line":159,"column":0},"end":{"line":159,"column":44}},"159":{"start":{"line":160,"column":0},"end":{"line":160,"column":5}},"160":{"start":{"line":161,"column":0},"end":{"line":161,"column":111}},"161":{"start":{"line":162,"column":0},"end":{"line":162,"column":37}},"162":{"start":{"line":163,"column":0},"end":{"line":163,"column":50}},"163":{"start":{"line":164,"column":0},"end":{"line":164,"column":0}},"164":{"start":{"line":165,"column":0},"end":{"line":165,"column":20}},"165":{"start":{"line":166,"column":0},"end":{"line":166,"column":31}},"166":{"start":{"line":167,"column":0},"end":{"line":167,"column":44}},"167":{"start":{"line":168,"column":0},"end":{"line":168,"column":6}},"168":{"start":{"line":169,"column":0},"end":{"line":169,"column":43}},"169":{"start":{"line":170,"column":0},"end":{"line":170,"column":24}},"170":{"start":{"line":171,"column":0},"end":{"line":171,"column":36}},"171":{"start":{"line":172,"column":0},"end":{"line":172,"column":8}},"172":{"start":{"line":173,"column":0},"end":{"line":173,"column":37}},"173":{"start":{"line":174,"column":0},"end":{"line":174,"column":32}},"174":{"start":{"line":175,"column":0},"end":{"line":175,"column":9}},"175":{"start":{"line":176,"column":0},"end":{"line":176,"column":8}},"176":{"start":{"line":177,"column":0},"end":{"line":177,"column":52}},"177":{"start":{"line":178,"column":0},"end":{"line":178,"column":33}},"178":{"start":{"line":179,"column":0},"end":{"line":179,"column":9}},"179":{"start":{"line":180,"column":0},"end":{"line":180,"column":7}},"180":{"start":{"line":181,"column":0},"end":{"line":181,"column":12}},"181":{"start":{"line":182,"column":0},"end":{"line":182,"column":22}},"182":{"start":{"line":183,"column":0},"end":{"line":183,"column":11}},"183":{"start":{"line":184,"column":0},"end":{"line":184,"column":56}},"184":{"start":{"line":185,"column":0},"end":{"line":185,"column":17}},"185":{"start":{"line":186,"column":0},"end":{"line":186,"column":63}},"186":{"start":{"line":187,"column":0},"end":{"line":187,"column":81}},"187":{"start":{"line":188,"column":0},"end":{"line":188,"column":9}},"188":{"start":{"line":189,"column":0},"end":{"line":189,"column":19}},"189":{"start":{"line":190,"column":0},"end":{"line":190,"column":72}},"190":{"start":{"line":191,"column":0},"end":{"line":191,"column":7}},"191":{"start":{"line":192,"column":0},"end":{"line":192,"column":5}},"192":{"start":{"line":193,"column":0},"end":{"line":193,"column":0}},"193":{"start":{"line":194,"column":0},"end":{"line":194,"column":18}},"194":{"start":{"line":195,"column":0},"end":{"line":195,"column":3}},"195":{"start":{"line":196,"column":0},"end":{"line":196,"column":0}},"196":{"start":{"line":197,"column":0},"end":{"line":197,"column":5}},"197":{"start":{"line":198,"column":0},"end":{"line":198,"column":38}},"198":{"start":{"line":199,"column":0},"end":{"line":199,"column":5}},"199":{"start":{"line":200,"column":0},"end":{"line":200,"column":75}},"200":{"start":{"line":201,"column":0},"end":{"line":201,"column":30}},"201":{"start":{"line":202,"column":0},"end":{"line":202,"column":15}},"202":{"start":{"line":203,"column":0},"end":{"line":203,"column":15}},"203":{"start":{"line":204,"column":0},"end":{"line":204,"column":22}},"204":{"start":{"line":205,"column":0},"end":{"line":205,"column":6}},"205":{"start":{"line":206,"column":0},"end":{"line":206,"column":0}},"206":{"start":{"line":207,"column":0},"end":{"line":207,"column":52}},"207":{"start":{"line":208,"column":0},"end":{"line":208,"column":48}},"208":{"start":{"line":209,"column":0},"end":{"line":209,"column":0}},"209":{"start":{"line":210,"column":0},"end":{"line":210,"column":75}},"210":{"start":{"line":211,"column":0},"end":{"line":211,"column":0}},"211":{"start":{"line":212,"column":0},"end":{"line":212,"column":36}},"212":{"start":{"line":213,"column":0},"end":{"line":213,"column":58}},"213":{"start":{"line":214,"column":0},"end":{"line":214,"column":77}},"214":{"start":{"line":215,"column":0},"end":{"line":215,"column":0}},"215":{"start":{"line":216,"column":0},"end":{"line":216,"column":22}},"216":{"start":{"line":217,"column":0},"end":{"line":217,"column":0}},"217":{"start":{"line":218,"column":0},"end":{"line":218,"column":22}},"218":{"start":{"line":219,"column":0},"end":{"line":219,"column":34}},"219":{"start":{"line":220,"column":0},"end":{"line":220,"column":24}},"220":{"start":{"line":221,"column":0},"end":{"line":221,"column":37}},"221":{"start":{"line":222,"column":0},"end":{"line":222,"column":6}},"222":{"start":{"line":223,"column":0},"end":{"line":223,"column":38}},"223":{"start":{"line":224,"column":0},"end":{"line":224,"column":32}},"224":{"start":{"line":225,"column":0},"end":{"line":225,"column":8}},"225":{"start":{"line":226,"column":0},"end":{"line":226,"column":33}},"226":{"start":{"line":227,"column":0},"end":{"line":227,"column":26}},"227":{"start":{"line":228,"column":0},"end":{"line":228,"column":67}},"228":{"start":{"line":229,"column":0},"end":{"line":229,"column":18}},"229":{"start":{"line":230,"column":0},"end":{"line":230,"column":68}},"230":{"start":{"line":231,"column":0},"end":{"line":231,"column":11}},"231":{"start":{"line":232,"column":0},"end":{"line":232,"column":16}},"232":{"start":{"line":233,"column":0},"end":{"line":233,"column":9}},"233":{"start":{"line":234,"column":0},"end":{"line":234,"column":8}},"234":{"start":{"line":235,"column":0},"end":{"line":235,"column":12}},"235":{"start":{"line":236,"column":0},"end":{"line":236,"column":7}},"236":{"start":{"line":237,"column":0},"end":{"line":237,"column":6}},"237":{"start":{"line":238,"column":0},"end":{"line":238,"column":25}},"238":{"start":{"line":239,"column":0},"end":{"line":239,"column":64}},"239":{"start":{"line":240,"column":0},"end":{"line":240,"column":7}},"240":{"start":{"line":241,"column":0},"end":{"line":241,"column":5}},"241":{"start":{"line":242,"column":0},"end":{"line":242,"column":0}},"242":{"start":{"line":243,"column":0},"end":{"line":243,"column":18}},"243":{"start":{"line":244,"column":0},"end":{"line":244,"column":3}},"244":{"start":{"line":245,"column":0},"end":{"line":245,"column":0}},"245":{"start":{"line":246,"column":0},"end":{"line":246,"column":5}},"246":{"start":{"line":247,"column":0},"end":{"line":247,"column":40}},"247":{"start":{"line":248,"column":0},"end":{"line":248,"column":5}},"248":{"start":{"line":249,"column":0},"end":{"line":249,"column":94}},"249":{"start":{"line":250,"column":0},"end":{"line":250,"column":44}},"250":{"start":{"line":251,"column":0},"end":{"line":251,"column":31}},"251":{"start":{"line":252,"column":0},"end":{"line":252,"column":38}},"252":{"start":{"line":253,"column":0},"end":{"line":253,"column":34}},"253":{"start":{"line":254,"column":0},"end":{"line":254,"column":49}},"254":{"start":{"line":255,"column":0},"end":{"line":255,"column":0}},"255":{"start":{"line":256,"column":0},"end":{"line":256,"column":68}},"256":{"start":{"line":257,"column":0},"end":{"line":257,"column":44}},"257":{"start":{"line":258,"column":0},"end":{"line":258,"column":4}},"258":{"start":{"line":259,"column":0},"end":{"line":259,"column":37}},"259":{"start":{"line":260,"column":0},"end":{"line":260,"column":32}},"260":{"start":{"line":261,"column":0},"end":{"line":261,"column":42}},"261":{"start":{"line":262,"column":0},"end":{"line":262,"column":0}},"262":{"start":{"line":263,"column":0},"end":{"line":263,"column":42}},"263":{"start":{"line":264,"column":0},"end":{"line":264,"column":48}},"264":{"start":{"line":265,"column":0},"end":{"line":265,"column":37}},"265":{"start":{"line":266,"column":0},"end":{"line":266,"column":7}},"266":{"start":{"line":267,"column":0},"end":{"line":267,"column":6}},"267":{"start":{"line":268,"column":0},"end":{"line":268,"column":64}},"268":{"start":{"line":269,"column":0},"end":{"line":269,"column":56}},"269":{"start":{"line":270,"column":0},"end":{"line":270,"column":7}},"270":{"start":{"line":271,"column":0},"end":{"line":271,"column":5}},"271":{"start":{"line":272,"column":0},"end":{"line":272,"column":0}},"272":{"start":{"line":273,"column":0},"end":{"line":273,"column":25}},"273":{"start":{"line":274,"column":0},"end":{"line":274,"column":3}},"274":{"start":{"line":275,"column":0},"end":{"line":275,"column":0}},"275":{"start":{"line":276,"column":0},"end":{"line":276,"column":5}},"276":{"start":{"line":277,"column":0},"end":{"line":277,"column":48}},"277":{"start":{"line":278,"column":0},"end":{"line":278,"column":5}},"278":{"start":{"line":279,"column":0},"end":{"line":279,"column":65}},"279":{"start":{"line":280,"column":0},"end":{"line":280,"column":41}},"280":{"start":{"line":281,"column":0},"end":{"line":281,"column":22}},"281":{"start":{"line":282,"column":0},"end":{"line":282,"column":20}},"282":{"start":{"line":283,"column":0},"end":{"line":283,"column":0}},"283":{"start":{"line":284,"column":0},"end":{"line":284,"column":32}},"284":{"start":{"line":285,"column":0},"end":{"line":285,"column":35}},"285":{"start":{"line":286,"column":0},"end":{"line":286,"column":37}},"286":{"start":{"line":287,"column":0},"end":{"line":287,"column":28}},"287":{"start":{"line":288,"column":0},"end":{"line":288,"column":5}},"288":{"start":{"line":289,"column":0},"end":{"line":289,"column":0}},"289":{"start":{"line":290,"column":0},"end":{"line":290,"column":63}},"290":{"start":{"line":291,"column":0},"end":{"line":291,"column":24}},"291":{"start":{"line":292,"column":0},"end":{"line":292,"column":4}},"292":{"start":{"line":293,"column":0},"end":{"line":293,"column":62}},"293":{"start":{"line":294,"column":0},"end":{"line":294,"column":56}},"294":{"start":{"line":295,"column":0},"end":{"line":295,"column":77}},"295":{"start":{"line":296,"column":0},"end":{"line":296,"column":0}},"296":{"start":{"line":297,"column":0},"end":{"line":297,"column":15}},"297":{"start":{"line":298,"column":0},"end":{"line":298,"column":3}},"298":{"start":{"line":299,"column":0},"end":{"line":299,"column":0}},"299":{"start":{"line":300,"column":0},"end":{"line":300,"column":5}},"300":{"start":{"line":301,"column":0},"end":{"line":301,"column":40}},"301":{"start":{"line":302,"column":0},"end":{"line":302,"column":5}},"302":{"start":{"line":303,"column":0},"end":{"line":303,"column":64}},"303":{"start":{"line":304,"column":0},"end":{"line":304,"column":40}},"304":{"start":{"line":305,"column":0},"end":{"line":305,"column":4}},"305":{"start":{"line":306,"column":0},"end":{"line":306,"column":21}},"306":{"start":{"line":307,"column":0},"end":{"line":307,"column":18}},"307":{"start":{"line":308,"column":0},"end":{"line":308,"column":5}},"308":{"start":{"line":309,"column":0},"end":{"line":309,"column":0}},"309":{"start":{"line":310,"column":0},"end":{"line":310,"column":46}},"310":{"start":{"line":311,"column":0},"end":{"line":311,"column":45}},"311":{"start":{"line":312,"column":0},"end":{"line":312,"column":4}},"312":{"start":{"line":313,"column":0},"end":{"line":313,"column":22}},"313":{"start":{"line":314,"column":0},"end":{"line":314,"column":18}},"314":{"start":{"line":315,"column":0},"end":{"line":315,"column":5}},"315":{"start":{"line":316,"column":0},"end":{"line":316,"column":0}},"316":{"start":{"line":317,"column":0},"end":{"line":317,"column":56}},"317":{"start":{"line":318,"column":0},"end":{"line":318,"column":45}},"318":{"start":{"line":319,"column":0},"end":{"line":319,"column":0}},"319":{"start":{"line":320,"column":0},"end":{"line":320,"column":12}},"320":{"start":{"line":321,"column":0},"end":{"line":321,"column":11}},"321":{"start":{"line":322,"column":0},"end":{"line":322,"column":11}},"322":{"start":{"line":323,"column":0},"end":{"line":323,"column":16}},"323":{"start":{"line":324,"column":0},"end":{"line":324,"column":6}},"324":{"start":{"line":325,"column":0},"end":{"line":325,"column":3}},"325":{"start":{"line":326,"column":0},"end":{"line":326,"column":0}},"326":{"start":{"line":327,"column":0},"end":{"line":327,"column":5}},"327":{"start":{"line":328,"column":0},"end":{"line":328,"column":36}},"328":{"start":{"line":329,"column":0},"end":{"line":329,"column":5}},"329":{"start":{"line":330,"column":0},"end":{"line":330,"column":49}},"330":{"start":{"line":331,"column":0},"end":{"line":331,"column":27}},"331":{"start":{"line":332,"column":0},"end":{"line":332,"column":21}},"332":{"start":{"line":333,"column":0},"end":{"line":333,"column":18}},"333":{"start":{"line":334,"column":0},"end":{"line":334,"column":0}},"334":{"start":{"line":335,"column":0},"end":{"line":335,"column":46}},"335":{"start":{"line":336,"column":0},"end":{"line":336,"column":30}},"336":{"start":{"line":337,"column":0},"end":{"line":337,"column":6}},"337":{"start":{"line":338,"column":0},"end":{"line":338,"column":57}},"338":{"start":{"line":339,"column":0},"end":{"line":339,"column":16}},"339":{"start":{"line":340,"column":0},"end":{"line":340,"column":24}},"340":{"start":{"line":341,"column":0},"end":{"line":341,"column":64}},"341":{"start":{"line":342,"column":0},"end":{"line":342,"column":16}},"342":{"start":{"line":343,"column":0},"end":{"line":343,"column":24}},"343":{"start":{"line":344,"column":0},"end":{"line":344,"column":47}},"344":{"start":{"line":345,"column":0},"end":{"line":345,"column":34}},"345":{"start":{"line":346,"column":0},"end":{"line":346,"column":21}},"346":{"start":{"line":347,"column":0},"end":{"line":347,"column":14}},"347":{"start":{"line":348,"column":0},"end":{"line":348,"column":24}},"348":{"start":{"line":349,"column":0},"end":{"line":349,"column":7}},"349":{"start":{"line":350,"column":0},"end":{"line":350,"column":5}},"350":{"start":{"line":351,"column":0},"end":{"line":351,"column":0}},"351":{"start":{"line":352,"column":0},"end":{"line":352,"column":25}},"352":{"start":{"line":353,"column":0},"end":{"line":353,"column":32}},"353":{"start":{"line":354,"column":0},"end":{"line":354,"column":5}},"354":{"start":{"line":355,"column":0},"end":{"line":355,"column":0}},"355":{"start":{"line":356,"column":0},"end":{"line":356,"column":16}},"356":{"start":{"line":357,"column":0},"end":{"line":357,"column":3}},"357":{"start":{"line":358,"column":0},"end":{"line":358,"column":0}},"358":{"start":{"line":359,"column":0},"end":{"line":359,"column":5}},"359":{"start":{"line":360,"column":0},"end":{"line":360,"column":32}},"360":{"start":{"line":361,"column":0},"end":{"line":361,"column":5}},"361":{"start":{"line":362,"column":0},"end":{"line":362,"column":86}},"362":{"start":{"line":363,"column":0},"end":{"line":363,"column":35}},"363":{"start":{"line":364,"column":0},"end":{"line":364,"column":0}},"364":{"start":{"line":365,"column":0},"end":{"line":365,"column":43}},"365":{"start":{"line":366,"column":0},"end":{"line":366,"column":24}},"366":{"start":{"line":367,"column":0},"end":{"line":367,"column":45}},"367":{"start":{"line":368,"column":0},"end":{"line":368,"column":6}},"368":{"start":{"line":369,"column":0},"end":{"line":369,"column":21}},"369":{"start":{"line":370,"column":0},"end":{"line":370,"column":56}},"370":{"start":{"line":371,"column":0},"end":{"line":371,"column":17}},"371":{"start":{"line":372,"column":0},"end":{"line":372,"column":63}},"372":{"start":{"line":373,"column":0},"end":{"line":373,"column":78}},"373":{"start":{"line":374,"column":0},"end":{"line":374,"column":24}},"374":{"start":{"line":375,"column":0},"end":{"line":375,"column":9}},"375":{"start":{"line":376,"column":0},"end":{"line":376,"column":7}},"376":{"start":{"line":377,"column":0},"end":{"line":377,"column":0}},"377":{"start":{"line":378,"column":0},"end":{"line":378,"column":48}},"378":{"start":{"line":379,"column":0},"end":{"line":379,"column":73}},"379":{"start":{"line":380,"column":0},"end":{"line":380,"column":44}},"380":{"start":{"line":381,"column":0},"end":{"line":381,"column":8}},"381":{"start":{"line":382,"column":0},"end":{"line":382,"column":23}},"382":{"start":{"line":383,"column":0},"end":{"line":383,"column":38}},"383":{"start":{"line":384,"column":0},"end":{"line":384,"column":10}},"384":{"start":{"line":385,"column":0},"end":{"line":385,"column":38}},"385":{"start":{"line":386,"column":0},"end":{"line":386,"column":42}},"386":{"start":{"line":387,"column":0},"end":{"line":387,"column":48}},"387":{"start":{"line":388,"column":0},"end":{"line":388,"column":63}},"388":{"start":{"line":389,"column":0},"end":{"line":389,"column":62}},"389":{"start":{"line":390,"column":0},"end":{"line":390,"column":43}},"390":{"start":{"line":391,"column":0},"end":{"line":391,"column":69}},"391":{"start":{"line":392,"column":0},"end":{"line":392,"column":56}},"392":{"start":{"line":393,"column":0},"end":{"line":393,"column":11}},"393":{"start":{"line":394,"column":0},"end":{"line":394,"column":16}},"394":{"start":{"line":395,"column":0},"end":{"line":395,"column":58}},"395":{"start":{"line":396,"column":0},"end":{"line":396,"column":41}},"396":{"start":{"line":397,"column":0},"end":{"line":397,"column":10}},"397":{"start":{"line":398,"column":0},"end":{"line":398,"column":69}},"398":{"start":{"line":399,"column":0},"end":{"line":399,"column":28}},"399":{"start":{"line":400,"column":0},"end":{"line":400,"column":40}},"400":{"start":{"line":401,"column":0},"end":{"line":401,"column":12}},"401":{"start":{"line":402,"column":0},"end":{"line":402,"column":41}},"402":{"start":{"line":403,"column":0},"end":{"line":403,"column":36}},"403":{"start":{"line":404,"column":0},"end":{"line":404,"column":13}},"404":{"start":{"line":405,"column":0},"end":{"line":405,"column":12}},"405":{"start":{"line":406,"column":0},"end":{"line":406,"column":56}},"406":{"start":{"line":407,"column":0},"end":{"line":407,"column":30}},"407":{"start":{"line":408,"column":0},"end":{"line":408,"column":13}},"408":{"start":{"line":409,"column":0},"end":{"line":409,"column":11}},"409":{"start":{"line":410,"column":0},"end":{"line":410,"column":9}},"410":{"start":{"line":411,"column":0},"end":{"line":411,"column":7}},"411":{"start":{"line":412,"column":0},"end":{"line":412,"column":5}},"412":{"start":{"line":413,"column":0},"end":{"line":413,"column":3}},"413":{"start":{"line":414,"column":0},"end":{"line":414,"column":0}},"414":{"start":{"line":415,"column":0},"end":{"line":415,"column":5}},"415":{"start":{"line":416,"column":0},"end":{"line":416,"column":40}},"416":{"start":{"line":417,"column":0},"end":{"line":417,"column":5}},"417":{"start":{"line":418,"column":0},"end":{"line":418,"column":71}},"418":{"start":{"line":419,"column":0},"end":{"line":419,"column":73}},"419":{"start":{"line":420,"column":0},"end":{"line":420,"column":38}},"420":{"start":{"line":421,"column":0},"end":{"line":421,"column":37}},"421":{"start":{"line":422,"column":0},"end":{"line":422,"column":0}},"422":{"start":{"line":423,"column":0},"end":{"line":423,"column":16}},"423":{"start":{"line":424,"column":0},"end":{"line":424,"column":29}},"424":{"start":{"line":425,"column":0},"end":{"line":425,"column":5}},"425":{"start":{"line":426,"column":0},"end":{"line":426,"column":0}},"426":{"start":{"line":427,"column":0},"end":{"line":427,"column":16}},"427":{"start":{"line":428,"column":0},"end":{"line":428,"column":3}},"428":{"start":{"line":429,"column":0},"end":{"line":429,"column":0}},"429":{"start":{"line":430,"column":0},"end":{"line":430,"column":5}},"430":{"start":{"line":431,"column":0},"end":{"line":431,"column":54}},"431":{"start":{"line":432,"column":0},"end":{"line":432,"column":5}},"432":{"start":{"line":433,"column":0},"end":{"line":433,"column":55}},"433":{"start":{"line":434,"column":0},"end":{"line":434,"column":17}},"434":{"start":{"line":435,"column":0},"end":{"line":435,"column":36}},"435":{"start":{"line":436,"column":0},"end":{"line":436,"column":0}},"436":{"start":{"line":437,"column":0},"end":{"line":437,"column":57}},"437":{"start":{"line":438,"column":0},"end":{"line":438,"column":29}},"438":{"start":{"line":439,"column":0},"end":{"line":439,"column":6}},"439":{"start":{"line":440,"column":0},"end":{"line":440,"column":41}},"440":{"start":{"line":441,"column":0},"end":{"line":441,"column":45}},"441":{"start":{"line":442,"column":0},"end":{"line":442,"column":8}},"442":{"start":{"line":443,"column":0},"end":{"line":443,"column":30}},"443":{"start":{"line":444,"column":0},"end":{"line":444,"column":98}},"444":{"start":{"line":445,"column":0},"end":{"line":445,"column":25}},"445":{"start":{"line":446,"column":0},"end":{"line":446,"column":9}},"446":{"start":{"line":447,"column":0},"end":{"line":447,"column":7}},"447":{"start":{"line":448,"column":0},"end":{"line":448,"column":0}},"448":{"start":{"line":449,"column":0},"end":{"line":449,"column":50}},"449":{"start":{"line":450,"column":0},"end":{"line":450,"column":42}},"450":{"start":{"line":451,"column":0},"end":{"line":451,"column":19}},"451":{"start":{"line":452,"column":0},"end":{"line":452,"column":7}},"452":{"start":{"line":453,"column":0},"end":{"line":453,"column":0}},"453":{"start":{"line":454,"column":0},"end":{"line":454,"column":19}},"454":{"start":{"line":455,"column":0},"end":{"line":455,"column":5}},"455":{"start":{"line":456,"column":0},"end":{"line":456,"column":0}},"456":{"start":{"line":457,"column":0},"end":{"line":457,"column":26}},"457":{"start":{"line":458,"column":0},"end":{"line":458,"column":37}},"458":{"start":{"line":459,"column":0},"end":{"line":459,"column":18}},"459":{"start":{"line":460,"column":0},"end":{"line":460,"column":42}},"460":{"start":{"line":461,"column":0},"end":{"line":461,"column":76}},"461":{"start":{"line":462,"column":0},"end":{"line":462,"column":7}},"462":{"start":{"line":463,"column":0},"end":{"line":463,"column":5}},"463":{"start":{"line":464,"column":0},"end":{"line":464,"column":0}},"464":{"start":{"line":465,"column":0},"end":{"line":465,"column":23}},"465":{"start":{"line":466,"column":0},"end":{"line":466,"column":26}},"466":{"start":{"line":467,"column":0},"end":{"line":467,"column":3}},"467":{"start":{"line":468,"column":0},"end":{"line":468,"column":0}},"468":{"start":{"line":469,"column":0},"end":{"line":469,"column":5}},"469":{"start":{"line":470,"column":0},"end":{"line":470,"column":34}},"470":{"start":{"line":471,"column":0},"end":{"line":471,"column":5}},"471":{"start":{"line":472,"column":0},"end":{"line":472,"column":42}},"472":{"start":{"line":473,"column":0},"end":{"line":473,"column":85}},"473":{"start":{"line":474,"column":0},"end":{"line":474,"column":4}},"474":{"start":{"line":475,"column":0},"end":{"line":475,"column":24}},"475":{"start":{"line":476,"column":0},"end":{"line":476,"column":36}},"476":{"start":{"line":477,"column":0},"end":{"line":477,"column":12}},"477":{"start":{"line":478,"column":0},"end":{"line":478,"column":52}},"478":{"start":{"line":479,"column":0},"end":{"line":479,"column":51}},"479":{"start":{"line":480,"column":0},"end":{"line":480,"column":28}},"480":{"start":{"line":481,"column":0},"end":{"line":481,"column":39}},"481":{"start":{"line":482,"column":0},"end":{"line":482,"column":5}},"482":{"start":{"line":483,"column":0},"end":{"line":483,"column":3}},"483":{"start":{"line":484,"column":0},"end":{"line":484,"column":0}},"484":{"start":{"line":485,"column":0},"end":{"line":485,"column":49}},"485":{"start":{"line":486,"column":0},"end":{"line":486,"column":42}},"486":{"start":{"line":487,"column":0},"end":{"line":487,"column":3}},"487":{"start":{"line":488,"column":0},"end":{"line":488,"column":0}},"488":{"start":{"line":489,"column":0},"end":{"line":489,"column":18}},"489":{"start":{"line":490,"column":0},"end":{"line":490,"column":0}},"490":{"start":{"line":491,"column":0},"end":{"line":491,"column":77}},"491":{"start":{"line":492,"column":0},"end":{"line":492,"column":28}},"492":{"start":{"line":493,"column":0},"end":{"line":493,"column":72}},"493":{"start":{"line":494,"column":0},"end":{"line":494,"column":58}},"494":{"start":{"line":495,"column":0},"end":{"line":495,"column":41}},"495":{"start":{"line":496,"column":0},"end":{"line":496,"column":5}},"496":{"start":{"line":497,"column":0},"end":{"line":497,"column":16}},"497":{"start":{"line":498,"column":0},"end":{"line":498,"column":4}},"498":{"start":{"line":499,"column":0},"end":{"line":499,"column":0}},"499":{"start":{"line":500,"column":0},"end":{"line":500,"column":78}},"500":{"start":{"line":501,"column":0},"end":{"line":501,"column":28}},"501":{"start":{"line":502,"column":0},"end":{"line":502,"column":53}},"502":{"start":{"line":503,"column":0},"end":{"line":503,"column":50}},"503":{"start":{"line":504,"column":0},"end":{"line":504,"column":13}},"504":{"start":{"line":505,"column":0},"end":{"line":505,"column":58}},"505":{"start":{"line":506,"column":0},"end":{"line":506,"column":55}},"506":{"start":{"line":507,"column":0},"end":{"line":507,"column":5}},"507":{"start":{"line":508,"column":0},"end":{"line":508,"column":16}},"508":{"start":{"line":509,"column":0},"end":{"line":509,"column":4}},"509":{"start":{"line":510,"column":0},"end":{"line":510,"column":0}},"510":{"start":{"line":511,"column":0},"end":{"line":511,"column":84}},"511":{"start":{"line":512,"column":0},"end":{"line":512,"column":58}},"512":{"start":{"line":513,"column":0},"end":{"line":513,"column":43}},"513":{"start":{"line":514,"column":0},"end":{"line":514,"column":0}},"514":{"start":{"line":515,"column":0},"end":{"line":515,"column":28}},"515":{"start":{"line":516,"column":0},"end":{"line":516,"column":75}},"516":{"start":{"line":517,"column":0},"end":{"line":517,"column":38}},"517":{"start":{"line":518,"column":0},"end":{"line":518,"column":76}},"518":{"start":{"line":519,"column":0},"end":{"line":519,"column":37}},"519":{"start":{"line":520,"column":0},"end":{"line":520,"column":76}},"520":{"start":{"line":521,"column":0},"end":{"line":521,"column":5}},"521":{"start":{"line":522,"column":0},"end":{"line":522,"column":0}},"522":{"start":{"line":523,"column":0},"end":{"line":523,"column":23}},"523":{"start":{"line":524,"column":0},"end":{"line":524,"column":52}},"524":{"start":{"line":525,"column":0},"end":{"line":525,"column":58}},"525":{"start":{"line":526,"column":0},"end":{"line":526,"column":7}},"526":{"start":{"line":527,"column":0},"end":{"line":527,"column":74}},"527":{"start":{"line":528,"column":0},"end":{"line":528,"column":5}},"528":{"start":{"line":529,"column":0},"end":{"line":529,"column":0}},"529":{"start":{"line":530,"column":0},"end":{"line":530,"column":16}},"530":{"start":{"line":531,"column":0},"end":{"line":531,"column":4}},"531":{"start":{"line":532,"column":0},"end":{"line":532,"column":1}}},"s":{"0":1,"1":1,"2":1,"3":1,"4":1,"5":1,"6":1,"7":1,"8":1,"9":1,"10":1,"11":1,"12":1,"13":1,"14":1,"15":1,"16":1,"17":1,"18":1,"19":1,"20":1,"21":34,"22":34,"23":34,"24":34,"25":34,"26":34,"27":34,"28":34,"29":34,"30":34,"31":34,"32":34,"33":34,"34":34,"35":34,"36":34,"37":34,"38":34,"39":34,"40":34,"41":34,"42":34,"43":34,"44":1,"45":1,"46":1,"47":1,"48":1,"49":342,"50":342,"51":1,"52":1,"53":1,"54":1,"55":1,"56":3,"57":1,"58":1,"59":2,"60":2,"61":2,"62":2,"63":3,"64":1,"65":1,"66":1,"67":0,"68":0,"69":0,"70":0,"71":0,"72":0,"73":1,"74":2,"75":3,"76":0,"77":0,"78":2,"79":2,"80":3,"81":1,"82":1,"83":1,"84":1,"85":1,"86":0,"87":0,"88":0,"89":0,"90":0,"91":0,"92":0,"93":0,"94":0,"95":0,"96":0,"97":0,"98":0,"99":0,"100":0,"101":0,"102":0,"103":0,"104":0,"105":0,"106":0,"107":0,"108":0,"109":0,"110":0,"111":0,"112":0,"113":0,"114":0,"115":0,"116":0,"117":0,"118":0,"119":0,"120":0,"121":0,"122":0,"123":0,"124":0,"125":0,"126":0,"127":0,"128":0,"129":0,"130":0,"131":0,"132":0,"133":0,"134":0,"135":0,"136":0,"137":0,"138":0,"139":0,"140":0,"141":0,"142":0,"143":0,"144":0,"145":0,"146":0,"147":0,"148":0,"149":0,"150":0,"151":0,"152":0,"153":0,"154":0,"155":0,"156":1,"157":1,"158":1,"159":1,"160":1,"161":4,"162":4,"163":4,"164":4,"165":3,"166":3,"167":3,"168":3,"169":3,"170":3,"171":3,"172":3,"173":4,"174":4,"175":3,"176":3,"177":2,"178":2,"179":3,"180":4,"181":1,"182":1,"183":1,"184":1,"185":1,"186":1,"187":1,"188":1,"189":0,"190":0,"191":1,"192":4,"193":4,"194":4,"195":1,"196":1,"197":1,"198":1,"199":1,"200":0,"201":0,"202":0,"203":0,"204":0,"205":0,"206":0,"207":0,"208":0,"209":0,"210":0,"211":0,"212":0,"213":0,"214":0,"215":0,"216":0,"217":0,"218":0,"219":0,"220":0,"221":0,"222":0,"223":0,"224":0,"225":0,"226":0,"227":0,"228":0,"229":0,"230":0,"231":0,"232":0,"233":0,"234":0,"235":0,"236":0,"237":0,"238":0,"239":0,"240":0,"241":0,"242":0,"243":0,"244":1,"245":1,"246":1,"247":1,"248":1,"249":3,"250":3,"251":1,"252":2,"253":3,"254":3,"255":3,"256":3,"257":3,"258":3,"259":3,"260":3,"261":3,"262":3,"263":4,"264":2,"265":2,"266":4,"267":4,"268":3,"269":3,"270":4,"271":3,"272":3,"273":3,"274":1,"275":1,"276":1,"277":1,"278":1,"279":3,"280":3,"281":3,"282":3,"283":3,"284":1,"285":1,"286":1,"287":1,"288":3,"289":3,"290":3,"291":3,"292":3,"293":3,"294":3,"295":3,"296":3,"297":3,"298":1,"299":1,"300":1,"301":1,"302":1,"303":9,"304":9,"305":9,"306":5,"307":5,"308":4,"309":4,"310":4,"311":4,"312":9,"313":0,"314":0,"315":4,"316":4,"317":4,"318":4,"319":4,"320":4,"321":4,"322":4,"323":4,"324":9,"325":1,"326":1,"327":1,"328":1,"329":1,"330":8,"331":8,"332":8,"333":8,"334":8,"335":99,"336":99,"337":99,"338":2,"339":2,"340":99,"341":2,"342":2,"343":97,"344":7,"345":7,"346":95,"347":88,"348":88,"349":99,"350":8,"351":8,"352":7,"353":7,"354":8,"355":8,"356":8,"357":1,"358":1,"359":1,"360":1,"361":1,"362":1,"363":1,"364":1,"365":1,"366":1,"367":1,"368":1,"369":0,"370":0,"371":0,"372":0,"373":0,"374":0,"375":0,"376":1,"377":1,"378":1,"379":1,"380":1,"381":1,"382":0,"383":0,"384":0,"385":0,"386":0,"387":0,"388":0,"389":0,"390":0,"391":0,"392":0,"393":1,"394":1,"395":1,"396":1,"397":1,"398":1,"399":1,"400":1,"401":1,"402":1,"403":1,"404":1,"405":1,"406":1,"407":1,"408":1,"409":1,"410":1,"411":1,"412":1,"413":1,"414":1,"415":1,"416":1,"417":1,"418":0,"419":0,"420":0,"421":0,"422":0,"423":0,"424":0,"425":0,"426":0,"427":0,"428":1,"429":1,"430":1,"431":1,"432":1,"433":0,"434":0,"435":0,"436":0,"437":0,"438":0,"439":0,"440":0,"441":0,"442":0,"443":0,"444":0,"445":0,"446":0,"447":0,"448":0,"449":0,"450":0,"451":0,"452":0,"453":0,"454":0,"455":0,"456":0,"457":0,"458":0,"459":0,"460":0,"461":0,"462":0,"463":0,"464":0,"465":0,"466":0,"467":1,"468":1,"469":1,"470":1,"471":1,"472":3,"473":3,"474":3,"475":1,"476":3,"477":2,"478":2,"479":2,"480":2,"481":2,"482":3,"483":1,"484":1,"485":2,"486":2,"487":1,"488":1,"489":1,"490":1,"491":4,"492":2,"493":2,"494":1,"495":1,"496":2,"497":4,"498":1,"499":1,"500":2,"501":1,"502":1,"503":0,"504":1,"505":1,"506":1,"507":1,"508":2,"509":1,"510":1,"511":0,"512":0,"513":0,"514":0,"515":0,"516":0,"517":0,"518":0,"519":0,"520":0,"521":0,"522":0,"523":0,"524":0,"525":0,"526":0,"527":0,"528":0,"529":0,"530":0,"531":1},"branchMap":{"0":{"type":"branch","line":21,"loc":{"start":{"line":21,"column":2},"end":{"line":44,"column":3}},"locations":[{"start":{"line":21,"column":2},"end":{"line":44,"column":3}}]},"1":{"type":"branch","line":26,"loc":{"start":{"line":26,"column":33},"end":{"line":26,"column":53}},"locations":[{"start":{"line":26,"column":33},"end":{"line":26,"column":53}}]},"2":{"type":"branch","line":27,"loc":{"start":{"line":27,"column":34},"end":{"line":27,"column":55}},"locations":[{"start":{"line":27,"column":34},"end":{"line":27,"column":55}}]},"3":{"type":"branch","line":491,"loc":{"start":{"line":491,"column":31},"end":{"line":498,"column":4}},"locations":[{"start":{"line":491,"column":31},"end":{"line":498,"column":4}}]},"4":{"type":"branch","line":492,"loc":{"start":{"line":492,"column":27},"end":{"line":497,"column":16}},"locations":[{"start":{"line":492,"column":27},"end":{"line":497,"column":16}}]},"5":{"type":"branch","line":493,"loc":{"start":{"line":493,"column":37},"end":{"line":493,"column":69}},"locations":[{"start":{"line":493,"column":37},"end":{"line":493,"column":69}}]},"6":{"type":"branch","line":493,"loc":{"start":{"line":493,"column":65},"end":{"line":493,"column":72}},"locations":[{"start":{"line":493,"column":65},"end":{"line":493,"column":72}}]},"7":{"type":"branch","line":494,"loc":{"start":{"line":494,"column":57},"end":{"line":496,"column":5}},"locations":[{"start":{"line":494,"column":57},"end":{"line":496,"column":5}}]},"8":{"type":"branch","line":500,"loc":{"start":{"line":500,"column":32},"end":{"line":509,"column":4}},"locations":[{"start":{"line":500,"column":32},"end":{"line":509,"column":4}}]},"9":{"type":"branch","line":501,"loc":{"start":{"line":501,"column":27},"end":{"line":508,"column":16}},"locations":[{"start":{"line":501,"column":27},"end":{"line":508,"column":16}}]},"10":{"type":"branch","line":503,"loc":{"start":{"line":503,"column":48},"end":{"line":504,"column":13}},"locations":[{"start":{"line":503,"column":48},"end":{"line":504,"column":13}}]},"11":{"type":"branch","line":49,"loc":{"start":{"line":49,"column":9},"end":{"line":51,"column":3}},"locations":[{"start":{"line":49,"column":9},"end":{"line":51,"column":3}}]},"12":{"type":"branch","line":56,"loc":{"start":{"line":56,"column":9},"end":{"line":81,"column":3}},"locations":[{"start":{"line":56,"column":9},"end":{"line":81,"column":3}}]},"13":{"type":"branch","line":57,"loc":{"start":{"line":57,"column":42},"end":{"line":59,"column":5}},"locations":[{"start":{"line":57,"column":42},"end":{"line":59,"column":5}}]},"14":{"type":"branch","line":59,"loc":{"start":{"line":59,"column":4},"end":{"line":64,"column":49}},"locations":[{"start":{"line":59,"column":4},"end":{"line":64,"column":49}}]},"15":{"type":"branch","line":64,"loc":{"start":{"line":64,"column":49},"end":{"line":74,"column":5}},"locations":[{"start":{"line":64,"column":49},"end":{"line":74,"column":5}}]},"16":{"type":"branch","line":67,"loc":{"start":{"line":67,"column":22},"end":{"line":73,"column":7}},"locations":[{"start":{"line":67,"column":22},"end":{"line":73,"column":7}}]},"17":{"type":"branch","line":74,"loc":{"start":{"line":74,"column":4},"end":{"line":76,"column":33}},"locations":[{"start":{"line":74,"column":4},"end":{"line":76,"column":33}}]},"18":{"type":"branch","line":76,"loc":{"start":{"line":76,"column":33},"end":{"line":78,"column":5}},"locations":[{"start":{"line":76,"column":33},"end":{"line":78,"column":5}}]},"19":{"type":"branch","line":78,"loc":{"start":{"line":78,"column":4},"end":{"line":80,"column":37}},"locations":[{"start":{"line":78,"column":4},"end":{"line":80,"column":37}}]},"20":{"type":"branch","line":161,"loc":{"start":{"line":161,"column":10},"end":{"line":195,"column":3}},"locations":[{"start":{"line":161,"column":10},"end":{"line":195,"column":3}}]},"21":{"type":"branch","line":165,"loc":{"start":{"line":165,"column":19},"end":{"line":181,"column":11}},"locations":[{"start":{"line":165,"column":19},"end":{"line":181,"column":11}}]},"22":{"type":"branch","line":173,"loc":{"start":{"line":173,"column":36},"end":{"line":175,"column":9}},"locations":[{"start":{"line":173,"column":36},"end":{"line":175,"column":9}}]},"23":{"type":"branch","line":177,"loc":{"start":{"line":177,"column":22},"end":{"line":177,"column":51}},"locations":[{"start":{"line":177,"column":22},"end":{"line":177,"column":51}}]},"24":{"type":"branch","line":177,"loc":{"start":{"line":177,"column":51},"end":{"line":179,"column":9}},"locations":[{"start":{"line":177,"column":51},"end":{"line":179,"column":9}}]},"25":{"type":"branch","line":181,"loc":{"start":{"line":181,"column":4},"end":{"line":192,"column":5}},"locations":[{"start":{"line":181,"column":4},"end":{"line":192,"column":5}}]},"26":{"type":"branch","line":189,"loc":{"start":{"line":189,"column":6},"end":{"line":191,"column":7}},"locations":[{"start":{"line":189,"column":6},"end":{"line":191,"column":7}}]},"27":{"type":"branch","line":249,"loc":{"start":{"line":249,"column":10},"end":{"line":274,"column":3}},"locations":[{"start":{"line":249,"column":10},"end":{"line":274,"column":3}}]},"28":{"type":"branch","line":251,"loc":{"start":{"line":251,"column":18},"end":{"line":252,"column":38}},"locations":[{"start":{"line":251,"column":18},"end":{"line":252,"column":38}}]},"29":{"type":"branch","line":252,"loc":{"start":{"line":252,"column":36},"end":{"line":253,"column":34}},"locations":[{"start":{"line":252,"column":36},"end":{"line":253,"column":34}}]},"30":{"type":"branch","line":256,"loc":{"start":{"line":256,"column":32},"end":{"line":256,"column":54}},"locations":[{"start":{"line":256,"column":32},"end":{"line":256,"column":54}}]},"31":{"type":"branch","line":256,"loc":{"start":{"line":256,"column":39},"end":{"line":256,"column":58}},"locations":[{"start":{"line":256,"column":39},"end":{"line":256,"column":58}}]},"32":{"type":"branch","line":263,"loc":{"start":{"line":263,"column":41},"end":{"line":271,"column":5}},"locations":[{"start":{"line":263,"column":41},"end":{"line":271,"column":5}}]},"33":{"type":"branch","line":264,"loc":{"start":{"line":264,"column":47},"end":{"line":266,"column":7}},"locations":[{"start":{"line":264,"column":47},"end":{"line":266,"column":7}}]},"34":{"type":"branch","line":268,"loc":{"start":{"line":268,"column":63},"end":{"line":270,"column":7}},"locations":[{"start":{"line":268,"column":63},"end":{"line":270,"column":7}}]},"35":{"type":"branch","line":279,"loc":{"start":{"line":279,"column":10},"end":{"line":298,"column":3}},"locations":[{"start":{"line":279,"column":10},"end":{"line":298,"column":3}}]},"36":{"type":"branch","line":284,"loc":{"start":{"line":284,"column":31},"end":{"line":288,"column":5}},"locations":[{"start":{"line":284,"column":31},"end":{"line":288,"column":5}}]},"37":{"type":"branch","line":290,"loc":{"start":{"line":290,"column":32},"end":{"line":290,"column":61}},"locations":[{"start":{"line":290,"column":32},"end":{"line":290,"column":61}}]},"38":{"type":"branch","line":294,"loc":{"start":{"line":294,"column":41},"end":{"line":294,"column":54}},"locations":[{"start":{"line":294,"column":41},"end":{"line":294,"column":54}}]},"39":{"type":"branch","line":295,"loc":{"start":{"line":295,"column":33},"end":{"line":295,"column":64}},"locations":[{"start":{"line":295,"column":33},"end":{"line":295,"column":64}}]},"40":{"type":"branch","line":303,"loc":{"start":{"line":303,"column":10},"end":{"line":325,"column":3}},"locations":[{"start":{"line":303,"column":10},"end":{"line":325,"column":3}}]},"41":{"type":"branch","line":306,"loc":{"start":{"line":306,"column":20},"end":{"line":308,"column":5}},"locations":[{"start":{"line":306,"column":20},"end":{"line":308,"column":5}}]},"42":{"type":"branch","line":308,"loc":{"start":{"line":308,"column":4},"end":{"line":313,"column":21}},"locations":[{"start":{"line":308,"column":4},"end":{"line":313,"column":21}}]},"43":{"type":"branch","line":313,"loc":{"start":{"line":313,"column":21},"end":{"line":315,"column":5}},"locations":[{"start":{"line":313,"column":21},"end":{"line":315,"column":5}}]},"44":{"type":"branch","line":315,"loc":{"start":{"line":315,"column":4},"end":{"line":324,"column":6}},"locations":[{"start":{"line":315,"column":4},"end":{"line":324,"column":6}}]},"45":{"type":"branch","line":330,"loc":{"start":{"line":330,"column":10},"end":{"line":357,"column":3}},"locations":[{"start":{"line":330,"column":10},"end":{"line":357,"column":3}}]},"46":{"type":"branch","line":335,"loc":{"start":{"line":335,"column":45},"end":{"line":350,"column":5}},"locations":[{"start":{"line":335,"column":45},"end":{"line":350,"column":5}}]},"47":{"type":"branch","line":338,"loc":{"start":{"line":338,"column":19},"end":{"line":338,"column":42}},"locations":[{"start":{"line":338,"column":19},"end":{"line":338,"column":42}}]},"48":{"type":"branch","line":338,"loc":{"start":{"line":338,"column":35},"end":{"line":338,"column":56}},"locations":[{"start":{"line":338,"column":35},"end":{"line":338,"column":56}}]},"49":{"type":"branch","line":338,"loc":{"start":{"line":338,"column":56},"end":{"line":341,"column":17}},"locations":[{"start":{"line":338,"column":56},"end":{"line":341,"column":17}}]},"50":{"type":"branch","line":341,"loc":{"start":{"line":341,"column":6},"end":{"line":349,"column":7}},"locations":[{"start":{"line":341,"column":6},"end":{"line":349,"column":7}}]},"51":{"type":"branch","line":341,"loc":{"start":{"line":341,"column":26},"end":{"line":341,"column":49}},"locations":[{"start":{"line":341,"column":26},"end":{"line":341,"column":49}}]},"52":{"type":"branch","line":341,"loc":{"start":{"line":341,"column":42},"end":{"line":341,"column":63}},"locations":[{"start":{"line":341,"column":42},"end":{"line":341,"column":63}}]},"53":{"type":"branch","line":341,"loc":{"start":{"line":341,"column":63},"end":{"line":344,"column":17}},"locations":[{"start":{"line":341,"column":63},"end":{"line":344,"column":17}}]},"54":{"type":"branch","line":344,"loc":{"start":{"line":344,"column":6},"end":{"line":349,"column":7}},"locations":[{"start":{"line":344,"column":6},"end":{"line":349,"column":7}}]},"55":{"type":"branch","line":344,"loc":{"start":{"line":344,"column":26},"end":{"line":344,"column":46}},"locations":[{"start":{"line":344,"column":26},"end":{"line":344,"column":46}}]},"56":{"type":"branch","line":344,"loc":{"start":{"line":344,"column":46},"end":{"line":347,"column":13}},"locations":[{"start":{"line":344,"column":46},"end":{"line":347,"column":13}}]},"57":{"type":"branch","line":347,"loc":{"start":{"line":347,"column":6},"end":{"line":349,"column":7}},"locations":[{"start":{"line":347,"column":6},"end":{"line":349,"column":7}}]},"58":{"type":"branch","line":352,"loc":{"start":{"line":352,"column":24},"end":{"line":354,"column":5}},"locations":[{"start":{"line":352,"column":24},"end":{"line":354,"column":5}}]},"59":{"type":"branch","line":362,"loc":{"start":{"line":362,"column":10},"end":{"line":413,"column":3}},"locations":[{"start":{"line":362,"column":10},"end":{"line":413,"column":3}}]},"60":{"type":"branch","line":369,"loc":{"start":{"line":369,"column":20},"end":{"line":376,"column":7}},"locations":[{"start":{"line":369,"column":20},"end":{"line":376,"column":7}}]},"61":{"type":"branch","line":382,"loc":{"start":{"line":382,"column":22},"end":{"line":394,"column":15}},"locations":[{"start":{"line":382,"column":22},"end":{"line":394,"column":15}}]},"62":{"type":"branch","line":472,"loc":{"start":{"line":472,"column":10},"end":{"line":483,"column":3}},"locations":[{"start":{"line":472,"column":10},"end":{"line":483,"column":3}}]},"63":{"type":"branch","line":475,"loc":{"start":{"line":475,"column":23},"end":{"line":477,"column":11}},"locations":[{"start":{"line":475,"column":23},"end":{"line":477,"column":11}}]},"64":{"type":"branch","line":477,"loc":{"start":{"line":477,"column":4},"end":{"line":482,"column":5}},"locations":[{"start":{"line":477,"column":4},"end":{"line":482,"column":5}}]},"65":{"type":"branch","line":485,"loc":{"start":{"line":485,"column":10},"end":{"line":487,"column":3}},"locations":[{"start":{"line":485,"column":10},"end":{"line":487,"column":3}}]}},"b":{"0":[34],"1":[33],"2":[33],"3":[4],"4":[2],"5":[1],"6":[1],"7":[1],"8":[2],"9":[1],"10":[0],"11":[342],"12":[3],"13":[1],"14":[2],"15":[1],"16":[0],"17":[2],"18":[0],"19":[2],"20":[4],"21":[3],"22":[4],"23":[2],"24":[2],"25":[1],"26":[0],"27":[3],"28":[1],"29":[2],"30":[2],"31":[0],"32":[4],"33":[2],"34":[3],"35":[3],"36":[1],"37":[5],"38":[4],"39":[4],"40":[9],"41":[5],"42":[4],"43":[0],"44":[4],"45":[8],"46":[99],"47":[97],"48":[97],"49":[2],"50":[97],"51":[95],"52":[95],"53":[2],"54":[95],"55":[8],"56":[7],"57":[88],"58":[7],"59":[1],"60":[0],"61":[0],"62":[3],"63":[1],"64":[2],"65":[2]},"fnMap":{"0":{"name":"CSSProcessor","decl":{"start":{"line":21,"column":2},"end":{"line":44,"column":3}},"loc":{"start":{"line":21,"column":2},"end":{"line":44,"column":3}},"line":21},"1":{"name":"CSSProcessor.local","decl":{"start":{"line":491,"column":31},"end":{"line":498,"column":4}},"loc":{"start":{"line":491,"column":31},"end":{"line":498,"column":4}},"line":491},"2":{"name":"CSSProcessor.global","decl":{"start":{"line":500,"column":32},"end":{"line":509,"column":4}},"loc":{"start":{"line":500,"column":32},"end":{"line":509,"column":4}},"line":500},"3":{"name":"CSSProcessor.setRuleScope","decl":{"start":{"line":511,"column":38},"end":{"line":531,"column":4}},"loc":{"start":{"line":511,"column":38},"end":{"line":531,"column":4}},"line":511},"4":{"name":"registerFunction","decl":{"start":{"line":49,"column":9},"end":{"line":51,"column":3}},"loc":{"start":{"line":49,"column":9},"end":{"line":51,"column":3}},"line":49},"5":{"name":"addTheme","decl":{"start":{"line":56,"column":9},"end":{"line":81,"column":3}},"loc":{"start":{"line":56,"column":9},"end":{"line":81,"column":3}},"line":56},"6":{"name":"parseStyleSheetFromUrlForTheme","decl":{"start":{"line":86,"column":10},"end":{"line":156,"column":3}},"loc":{"start":{"line":86,"column":10},"end":{"line":156,"column":3}},"line":86},"7":{"name":"evaluateExpression","decl":{"start":{"line":161,"column":10},"end":{"line":195,"column":3}},"loc":{"start":{"line":161,"column":10},"end":{"line":195,"column":3}},"line":161},"8":{"name":"getRuleInfo","decl":{"start":{"line":200,"column":10},"end":{"line":244,"column":3}},"loc":{"start":{"line":200,"column":10},"end":{"line":244,"column":3}},"line":200},"9":{"name":"extractRuleName","decl":{"start":{"line":249,"column":10},"end":{"line":274,"column":3}},"loc":{"start":{"line":249,"column":10},"end":{"line":274,"column":3}},"line":249},"10":{"name":"formatRuleSelector","decl":{"start":{"line":279,"column":10},"end":{"line":298,"column":3}},"loc":{"start":{"line":279,"column":10},"end":{"line":298,"column":3}},"line":279},"11":{"name":"getFuncInfo","decl":{"start":{"line":303,"column":10},"end":{"line":325,"column":3}},"loc":{"start":{"line":303,"column":10},"end":{"line":325,"column":3}},"line":303},"12":{"name":"parseArgsList","decl":{"start":{"line":330,"column":10},"end":{"line":357,"column":3}},"loc":{"start":{"line":330,"column":10},"end":{"line":357,"column":3}},"line":330},"13":{"name":"parseArgs","decl":{"start":{"line":362,"column":10},"end":{"line":413,"column":3}},"loc":{"start":{"line":362,"column":10},"end":{"line":413,"column":3}},"line":362},"14":{"name":"extractValue","decl":{"start":{"line":418,"column":10},"end":{"line":428,"column":3}},"loc":{"start":{"line":418,"column":10},"end":{"line":428,"column":3}},"line":418},"15":{"name":"injectOverridesForTheme","decl":{"start":{"line":433,"column":10},"end":{"line":467,"column":3}},"loc":{"start":{"line":433,"column":10},"end":{"line":467,"column":3}},"line":433},"16":{"name":"injectStyle","decl":{"start":{"line":472,"column":10},"end":{"line":483,"column":3}},"loc":{"start":{"line":472,"column":10},"end":{"line":483,"column":3}},"line":472},"17":{"name":"removeWhiteSpace","decl":{"start":{"line":485,"column":10},"end":{"line":487,"column":3}},"loc":{"start":{"line":485,"column":10},"end":{"line":487,"column":3}},"line":485}},"f":{"0":34,"1":4,"2":2,"3":0,"4":342,"5":3,"6":0,"7":4,"8":0,"9":3,"10":3,"11":9,"12":8,"13":1,"14":0,"15":0,"16":3,"17":2}}
,"/Users/harry/Dev/GIT/style-shifter/src/Theme.ts": {"path":"/Users/harry/Dev/GIT/style-shifter/src/Theme.ts","all":false,"statementMap":{"0":{"start":{"line":1,"column":0},"end":{"line":1,"column":3}},"1":{"start":{"line":2,"column":0},"end":{"line":2,"column":19}},"2":{"start":{"line":3,"column":0},"end":{"line":3,"column":3}},"3":{"start":{"line":4,"column":0},"end":{"line":4,"column":0}},"4":{"start":{"line":5,"column":0},"end":{"line":5,"column":50}},"5":{"start":{"line":6,"column":0},"end":{"line":6,"column":0}},"6":{"start":{"line":7,"column":0},"end":{"line":7,"column":20}},"7":{"start":{"line":8,"column":0},"end":{"line":8,"column":27}},"8":{"start":{"line":9,"column":0},"end":{"line":9,"column":22}},"9":{"start":{"line":10,"column":0},"end":{"line":10,"column":25}},"10":{"start":{"line":11,"column":0},"end":{"line":11,"column":21}},"11":{"start":{"line":12,"column":0},"end":{"line":12,"column":2}},"12":{"start":{"line":13,"column":0},"end":{"line":13,"column":44}},"13":{"start":{"line":14,"column":0},"end":{"line":14,"column":38}},"14":{"start":{"line":15,"column":0},"end":{"line":15,"column":48}},"15":{"start":{"line":16,"column":0},"end":{"line":16,"column":31}},"16":{"start":{"line":17,"column":0},"end":{"line":17,"column":0}},"17":{"start":{"line":18,"column":0},"end":{"line":18,"column":38}},"18":{"start":{"line":19,"column":0},"end":{"line":19,"column":39}},"19":{"start":{"line":20,"column":0},"end":{"line":20,"column":29}},"20":{"start":{"line":21,"column":0},"end":{"line":21,"column":29}},"21":{"start":{"line":22,"column":0},"end":{"line":22,"column":31}},"22":{"start":{"line":23,"column":0},"end":{"line":23,"column":39}},"23":{"start":{"line":24,"column":0},"end":{"line":24,"column":33}},"24":{"start":{"line":25,"column":0},"end":{"line":25,"column":33}},"25":{"start":{"line":26,"column":0},"end":{"line":26,"column":29}},"26":{"start":{"line":27,"column":0},"end":{"line":27,"column":0}},"27":{"start":{"line":28,"column":0},"end":{"line":28,"column":54}},"28":{"start":{"line":29,"column":0},"end":{"line":29,"column":22}},"29":{"start":{"line":30,"column":0},"end":{"line":30,"column":43}},"30":{"start":{"line":31,"column":0},"end":{"line":31,"column":32}},"31":{"start":{"line":32,"column":0},"end":{"line":32,"column":7}},"32":{"start":{"line":33,"column":0},"end":{"line":33,"column":11}},"33":{"start":{"line":34,"column":0},"end":{"line":34,"column":0}},"34":{"start":{"line":35,"column":0},"end":{"line":35,"column":33}},"35":{"start":{"line":36,"column":0},"end":{"line":36,"column":32}},"36":{"start":{"line":37,"column":0},"end":{"line":37,"column":48}},"37":{"start":{"line":38,"column":0},"end":{"line":38,"column":5}},"38":{"start":{"line":39,"column":0},"end":{"line":39,"column":3}},"39":{"start":{"line":40,"column":0},"end":{"line":40,"column":0}},"40":{"start":{"line":41,"column":0},"end":{"line":41,"column":5}},"41":{"start":{"line":42,"column":0},"end":{"line":42,"column":33}},"42":{"start":{"line":43,"column":0},"end":{"line":43,"column":5}},"43":{"start":{"line":44,"column":0},"end":{"line":44,"column":46}},"44":{"start":{"line":45,"column":0},"end":{"line":45,"column":49}},"45":{"start":{"line":46,"column":0},"end":{"line":46,"column":39}},"46":{"start":{"line":47,"column":0},"end":{"line":47,"column":5}},"47":{"start":{"line":48,"column":0},"end":{"line":48,"column":3}},"48":{"start":{"line":49,"column":0},"end":{"line":49,"column":0}},"49":{"start":{"line":50,"column":0},"end":{"line":50,"column":5}},"50":{"start":{"line":51,"column":0},"end":{"line":51,"column":36}},"51":{"start":{"line":52,"column":0},"end":{"line":52,"column":5}},"52":{"start":{"line":53,"column":0},"end":{"line":53,"column":49}},"53":{"start":{"line":54,"column":0},"end":{"line":54,"column":40}},"54":{"start":{"line":55,"column":0},"end":{"line":55,"column":3}},"55":{"start":{"line":56,"column":0},"end":{"line":56,"column":0}},"56":{"start":{"line":57,"column":0},"end":{"line":57,"column":5}},"57":{"start":{"line":58,"column":0},"end":{"line":58,"column":41}},"58":{"start":{"line":59,"column":0},"end":{"line":59,"column":5}},"59":{"start":{"line":60,"column":0},"end":{"line":60,"column":49}},"60":{"start":{"line":61,"column":0},"end":{"line":61,"column":22}},"61":{"start":{"line":62,"column":0},"end":{"line":62,"column":3}},"62":{"start":{"line":63,"column":0},"end":{"line":63,"column":0}},"63":{"start":{"line":64,"column":0},"end":{"line":64,"column":5}},"64":{"start":{"line":65,"column":0},"end":{"line":65,"column":31}},"65":{"start":{"line":66,"column":0},"end":{"line":66,"column":5}},"66":{"start":{"line":67,"column":0},"end":{"line":67,"column":46}},"67":{"start":{"line":68,"column":0},"end":{"line":68,"column":29}},"68":{"start":{"line":69,"column":0},"end":{"line":69,"column":16}},"69":{"start":{"line":70,"column":0},"end":{"line":70,"column":32}},"70":{"start":{"line":71,"column":0},"end":{"line":71,"column":22}},"71":{"start":{"line":72,"column":0},"end":{"line":72,"column":51}},"72":{"start":{"line":73,"column":0},"end":{"line":73,"column":52}},"73":{"start":{"line":74,"column":0},"end":{"line":74,"column":35}},"74":{"start":{"line":75,"column":0},"end":{"line":75,"column":7}},"75":{"start":{"line":76,"column":0},"end":{"line":76,"column":5}},"76":{"start":{"line":77,"column":0},"end":{"line":77,"column":0}},"77":{"start":{"line":78,"column":0},"end":{"line":78,"column":41}},"78":{"start":{"line":79,"column":0},"end":{"line":79,"column":51}},"79":{"start":{"line":80,"column":0},"end":{"line":80,"column":5}},"80":{"start":{"line":81,"column":0},"end":{"line":81,"column":3}},"81":{"start":{"line":82,"column":0},"end":{"line":82,"column":0}},"82":{"start":{"line":83,"column":0},"end":{"line":83,"column":5}},"83":{"start":{"line":84,"column":0},"end":{"line":84,"column":57}},"84":{"start":{"line":85,"column":0},"end":{"line":85,"column":5}},"85":{"start":{"line":86,"column":0},"end":{"line":86,"column":49}},"86":{"start":{"line":87,"column":0},"end":{"line":87,"column":27}},"87":{"start":{"line":88,"column":0},"end":{"line":88,"column":17}},"88":{"start":{"line":89,"column":0},"end":{"line":89,"column":12}},"89":{"start":{"line":90,"column":0},"end":{"line":90,"column":45}},"90":{"start":{"line":91,"column":0},"end":{"line":91,"column":5}},"91":{"start":{"line":92,"column":0},"end":{"line":92,"column":3}},"92":{"start":{"line":93,"column":0},"end":{"line":93,"column":0}},"93":{"start":{"line":94,"column":0},"end":{"line":94,"column":36}},"94":{"start":{"line":95,"column":0},"end":{"line":95,"column":31}},"95":{"start":{"line":96,"column":0},"end":{"line":96,"column":41}},"96":{"start":{"line":97,"column":0},"end":{"line":97,"column":30}},"97":{"start":{"line":98,"column":0},"end":{"line":98,"column":5}},"98":{"start":{"line":99,"column":0},"end":{"line":99,"column":3}},"99":{"start":{"line":100,"column":0},"end":{"line":100,"column":0}},"100":{"start":{"line":101,"column":0},"end":{"line":101,"column":36}},"101":{"start":{"line":102,"column":0},"end":{"line":102,"column":28}},"102":{"start":{"line":103,"column":0},"end":{"line":103,"column":30}},"103":{"start":{"line":104,"column":0},"end":{"line":104,"column":50}},"104":{"start":{"line":105,"column":0},"end":{"line":105,"column":35}},"105":{"start":{"line":106,"column":0},"end":{"line":106,"column":5}},"106":{"start":{"line":107,"column":0},"end":{"line":107,"column":3}},"107":{"start":{"line":108,"column":0},"end":{"line":108,"column":0}},"108":{"start":{"line":109,"column":0},"end":{"line":109,"column":5}},"109":{"start":{"line":110,"column":0},"end":{"line":110,"column":45}},"110":{"start":{"line":111,"column":0},"end":{"line":111,"column":5}},"111":{"start":{"line":112,"column":0},"end":{"line":112,"column":37}},"112":{"start":{"line":113,"column":0},"end":{"line":113,"column":26}},"113":{"start":{"line":114,"column":0},"end":{"line":114,"column":3}},"114":{"start":{"line":115,"column":0},"end":{"line":115,"column":0}},"115":{"start":{"line":116,"column":0},"end":{"line":116,"column":5}},"116":{"start":{"line":117,"column":0},"end":{"line":117,"column":43}},"117":{"start":{"line":118,"column":0},"end":{"line":118,"column":5}},"118":{"start":{"line":119,"column":0},"end":{"line":119,"column":50}},"119":{"start":{"line":120,"column":0},"end":{"line":120,"column":27}},"120":{"start":{"line":121,"column":0},"end":{"line":121,"column":3}},"121":{"start":{"line":122,"column":0},"end":{"line":122,"column":1}}},"s":{"0":1,"1":1,"2":1,"3":1,"4":1,"5":1,"6":1,"7":1,"8":1,"9":1,"10":1,"11":1,"12":1,"13":1,"14":1,"15":1,"16":1,"17":1,"18":26,"19":26,"20":26,"21":26,"22":26,"23":26,"24":26,"25":26,"26":26,"27":26,"28":26,"29":10,"30":9,"31":9,"32":26,"33":26,"34":26,"35":26,"36":1,"37":1,"38":26,"39":1,"40":1,"41":1,"42":1,"43":1,"44":3,"45":2,"46":2,"47":3,"48":1,"49":1,"50":1,"51":1,"52":1,"53":1,"54":1,"55":1,"56":1,"57":1,"58":1,"59":1,"60":3,"61":3,"62":1,"63":1,"64":1,"65":1,"66":1,"67":2,"68":2,"69":2,"70":2,"71":2,"72":2,"73":2,"74":2,"75":2,"76":2,"77":2,"78":1,"79":1,"80":2,"81":1,"82":1,"83":1,"84":1,"85":1,"86":4,"87":1,"88":4,"89":3,"90":3,"91":4,"92":1,"93":1,"94":0,"95":0,"96":0,"97":0,"98":0,"99":1,"100":1,"101":10,"102":9,"103":9,"104":9,"105":9,"106":10,"107":1,"108":1,"109":1,"110":1,"111":1,"112":2,"113":2,"114":1,"115":1,"116":1,"117":1,"118":1,"119":1,"120":1,"121":1},"branchMap":{"0":{"type":"branch","line":18,"loc":{"start":{"line":18,"column":2},"end":{"line":39,"column":3}},"locations":[{"start":{"line":18,"column":2},"end":{"line":39,"column":3}}]},"1":{"type":"branch","line":23,"loc":{"start":{"line":23,"column":25},"end":{"line":23,"column":39}},"locations":[{"start":{"line":23,"column":25},"end":{"line":23,"column":39}}]},"2":{"type":"branch","line":36,"loc":{"start":{"line":36,"column":31},"end":{"line":38,"column":5}},"locations":[{"start":{"line":36,"column":31},"end":{"line":38,"column":5}}]},"3":{"type":"branch","line":29,"loc":{"start":{"line":29,"column":15},"end":{"line":33,"column":7}},"locations":[{"start":{"line":29,"column":15},"end":{"line":33,"column":7}}]},"4":{"type":"branch","line":30,"loc":{"start":{"line":30,"column":42},"end":{"line":32,"column":7}},"locations":[{"start":{"line":30,"column":42},"end":{"line":32,"column":7}}]},"5":{"type":"branch","line":44,"loc":{"start":{"line":44,"column":9},"end":{"line":48,"column":3}},"locations":[{"start":{"line":44,"column":9},"end":{"line":48,"column":3}}]},"6":{"type":"branch","line":45,"loc":{"start":{"line":45,"column":48},"end":{"line":47,"column":5}},"locations":[{"start":{"line":45,"column":48},"end":{"line":47,"column":5}}]},"7":{"type":"branch","line":53,"loc":{"start":{"line":53,"column":9},"end":{"line":55,"column":3}},"locations":[{"start":{"line":53,"column":9},"end":{"line":55,"column":3}}]},"8":{"type":"branch","line":60,"loc":{"start":{"line":60,"column":9},"end":{"line":62,"column":3}},"locations":[{"start":{"line":60,"column":9},"end":{"line":62,"column":3}}]},"9":{"type":"branch","line":67,"loc":{"start":{"line":67,"column":9},"end":{"line":81,"column":3}},"locations":[{"start":{"line":67,"column":9},"end":{"line":81,"column":3}}]},"10":{"type":"branch","line":78,"loc":{"start":{"line":78,"column":40},"end":{"line":80,"column":5}},"locations":[{"start":{"line":78,"column":40},"end":{"line":80,"column":5}}]},"11":{"type":"branch","line":79,"loc":{"start":{"line":79,"column":17},"end":{"line":79,"column":48}},"locations":[{"start":{"line":79,"column":17},"end":{"line":79,"column":48}}]},"12":{"type":"branch","line":86,"loc":{"start":{"line":86,"column":9},"end":{"line":92,"column":3}},"locations":[{"start":{"line":86,"column":9},"end":{"line":92,"column":3}}]},"13":{"type":"branch","line":87,"loc":{"start":{"line":87,"column":26},"end":{"line":89,"column":11}},"locations":[{"start":{"line":87,"column":26},"end":{"line":89,"column":11}}]},"14":{"type":"branch","line":89,"loc":{"start":{"line":89,"column":4},"end":{"line":91,"column":5}},"locations":[{"start":{"line":89,"column":4},"end":{"line":91,"column":5}}]},"15":{"type":"branch","line":101,"loc":{"start":{"line":101,"column":10},"end":{"line":107,"column":3}},"locations":[{"start":{"line":101,"column":10},"end":{"line":107,"column":3}}]},"16":{"type":"branch","line":102,"loc":{"start":{"line":102,"column":27},"end":{"line":106,"column":5}},"locations":[{"start":{"line":102,"column":27},"end":{"line":106,"column":5}}]},"17":{"type":"branch","line":104,"loc":{"start":{"line":104,"column":38},"end":{"line":104,"column":48}},"locations":[{"start":{"line":104,"column":38},"end":{"line":104,"column":48}}]},"18":{"type":"branch","line":112,"loc":{"start":{"line":112,"column":9},"end":{"line":114,"column":3}},"locations":[{"start":{"line":112,"column":9},"end":{"line":114,"column":3}}]},"19":{"type":"branch","line":119,"loc":{"start":{"line":119,"column":9},"end":{"line":121,"column":3}},"locations":[{"start":{"line":119,"column":9},"end":{"line":121,"column":3}}]}},"b":{"0":[26],"1":[24],"2":[1],"3":[10],"4":[9],"5":[3],"6":[2],"7":[1],"8":[3],"9":[2],"10":[1],"11":[1],"12":[4],"13":[1],"14":[3],"15":[10],"16":[9],"17":[2],"18":[2],"19":[1]},"fnMap":{"0":{"name":"Theme","decl":{"start":{"line":18,"column":2},"end":{"line":39,"column":3}},"loc":{"start":{"line":18,"column":2},"end":{"line":39,"column":3}},"line":18},"1":{"name":"applyTo","decl":{"start":{"line":44,"column":9},"end":{"line":48,"column":3}},"loc":{"start":{"line":44,"column":9},"end":{"line":48,"column":3}},"line":44},"2":{"name":"removeFrom","decl":{"start":{"line":53,"column":9},"end":{"line":55,"column":3}},"loc":{"start":{"line":53,"column":9},"end":{"line":55,"column":3}},"line":53},"3":{"name":"getFonts","decl":{"start":{"line":60,"column":9},"end":{"line":62,"column":3}},"loc":{"start":{"line":60,"column":9},"end":{"line":62,"column":3}},"line":60},"4":{"name":"preloadImages","decl":{"start":{"line":67,"column":9},"end":{"line":81,"column":3}},"loc":{"start":{"line":67,"column":9},"end":{"line":81,"column":3}},"line":67},"5":{"name":"img.onload","decl":{"start":{"line":72,"column":21},"end":{"line":72,"column":51}},"loc":{"start":{"line":72,"column":21},"end":{"line":72,"column":51}},"line":72},"6":{"name":"img.onerror","decl":{"start":{"line":73,"column":22},"end":{"line":73,"column":52}},"loc":{"start":{"line":73,"column":22},"end":{"line":73,"column":52}},"line":73},"7":{"name":"onComplete","decl":{"start":{"line":86,"column":9},"end":{"line":92,"column":3}},"loc":{"start":{"line":86,"column":9},"end":{"line":92,"column":3}},"line":86},"8":{"name":"dependencyLoaded","decl":{"start":{"line":94,"column":10},"end":{"line":99,"column":3}},"loc":{"start":{"line":94,"column":10},"end":{"line":99,"column":3}},"line":94},"9":{"name":"dispatchComplete","decl":{"start":{"line":101,"column":10},"end":{"line":107,"column":3}},"loc":{"start":{"line":101,"column":10},"end":{"line":107,"column":3}},"line":101},"10":{"name":"getValue","decl":{"start":{"line":112,"column":9},"end":{"line":114,"column":3}},"loc":{"start":{"line":112,"column":9},"end":{"line":114,"column":3}},"line":112},"11":{"name":"setValue","decl":{"start":{"line":119,"column":9},"end":{"line":121,"column":3}},"loc":{"start":{"line":119,"column":9},"end":{"line":121,"column":3}},"line":119}},"f":{"0":26,"1":3,"2":1,"3":3,"4":2,"5":0,"6":0,"7":4,"8":0,"9":10,"10":2,"11":1}}
,"/Users/harry/Dev/GIT/style-shifter/src/ThemeRegistry.ts": {"path":"/Users/harry/Dev/GIT/style-shifter/src/ThemeRegistry.ts","all":false,"statementMap":{"0":{"start":{"line":1,"column":0},"end":{"line":1,"column":3}},"1":{"start":{"line":2,"column":0},"end":{"line":2,"column":58}},"2":{"start":{"line":3,"column":0},"end":{"line":3,"column":3}},"3":{"start":{"line":4,"column":0},"end":{"line":4,"column":0}},"4":{"start":{"line":5,"column":0},"end":{"line":5,"column":36}},"5":{"start":{"line":6,"column":0},"end":{"line":6,"column":0}},"6":{"start":{"line":7,"column":0},"end":{"line":7,"column":28}},"7":{"start":{"line":8,"column":0},"end":{"line":8,"column":69}},"8":{"start":{"line":9,"column":0},"end":{"line":9,"column":0}},"9":{"start":{"line":10,"column":0},"end":{"line":10,"column":5}},"10":{"start":{"line":11,"column":0},"end":{"line":11,"column":46}},"11":{"start":{"line":12,"column":0},"end":{"line":12,"column":67}},"12":{"start":{"line":13,"column":0},"end":{"line":13,"column":5}},"13":{"start":{"line":14,"column":0},"end":{"line":14,"column":32}},"14":{"start":{"line":15,"column":0},"end":{"line":15,"column":22}},"15":{"start":{"line":16,"column":0},"end":{"line":16,"column":20}},"16":{"start":{"line":17,"column":0},"end":{"line":17,"column":20}},"17":{"start":{"line":18,"column":0},"end":{"line":18,"column":11}},"18":{"start":{"line":19,"column":0},"end":{"line":19,"column":40}},"19":{"start":{"line":20,"column":0},"end":{"line":20,"column":39}},"20":{"start":{"line":21,"column":0},"end":{"line":21,"column":5}},"21":{"start":{"line":22,"column":0},"end":{"line":22,"column":0}},"22":{"start":{"line":23,"column":0},"end":{"line":23,"column":54}},"23":{"start":{"line":24,"column":0},"end":{"line":24,"column":4}},"24":{"start":{"line":25,"column":0},"end":{"line":25,"column":32}},"25":{"start":{"line":26,"column":0},"end":{"line":26,"column":29}},"26":{"start":{"line":27,"column":0},"end":{"line":27,"column":12}},"27":{"start":{"line":28,"column":0},"end":{"line":28,"column":43}},"28":{"start":{"line":29,"column":0},"end":{"line":29,"column":5}},"29":{"start":{"line":30,"column":0},"end":{"line":30,"column":3}},"30":{"start":{"line":31,"column":0},"end":{"line":31,"column":0}},"31":{"start":{"line":32,"column":0},"end":{"line":32,"column":5}},"32":{"start":{"line":33,"column":0},"end":{"line":33,"column":48}},"33":{"start":{"line":34,"column":0},"end":{"line":34,"column":80}},"34":{"start":{"line":35,"column":0},"end":{"line":35,"column":5}},"35":{"start":{"line":36,"column":0},"end":{"line":36,"column":82}},"36":{"start":{"line":37,"column":0},"end":{"line":37,"column":53}},"37":{"start":{"line":38,"column":0},"end":{"line":38,"column":0}},"38":{"start":{"line":39,"column":0},"end":{"line":39,"column":23}},"39":{"start":{"line":40,"column":0},"end":{"line":40,"column":23}},"40":{"start":{"line":41,"column":0},"end":{"line":41,"column":5}},"41":{"start":{"line":42,"column":0},"end":{"line":42,"column":0}},"42":{"start":{"line":43,"column":0},"end":{"line":43,"column":30}},"43":{"start":{"line":44,"column":0},"end":{"line":44,"column":44}},"44":{"start":{"line":45,"column":0},"end":{"line":45,"column":40}},"45":{"start":{"line":46,"column":0},"end":{"line":46,"column":41}},"46":{"start":{"line":47,"column":0},"end":{"line":47,"column":8}},"47":{"start":{"line":48,"column":0},"end":{"line":48,"column":52}},"48":{"start":{"line":49,"column":0},"end":{"line":49,"column":88}},"49":{"start":{"line":50,"column":0},"end":{"line":50,"column":33}},"50":{"start":{"line":51,"column":0},"end":{"line":51,"column":49}},"51":{"start":{"line":52,"column":0},"end":{"line":52,"column":47}},"52":{"start":{"line":53,"column":0},"end":{"line":53,"column":82}},"53":{"start":{"line":54,"column":0},"end":{"line":54,"column":84}},"54":{"start":{"line":55,"column":0},"end":{"line":55,"column":59}},"55":{"start":{"line":56,"column":0},"end":{"line":56,"column":22}},"56":{"start":{"line":57,"column":0},"end":{"line":57,"column":41}},"57":{"start":{"line":58,"column":0},"end":{"line":58,"column":15}},"58":{"start":{"line":59,"column":0},"end":{"line":59,"column":13}},"59":{"start":{"line":60,"column":0},"end":{"line":60,"column":18}},"60":{"start":{"line":61,"column":0},"end":{"line":61,"column":62}},"61":{"start":{"line":62,"column":0},"end":{"line":62,"column":49}},"62":{"start":{"line":63,"column":0},"end":{"line":63,"column":39}},"63":{"start":{"line":64,"column":0},"end":{"line":64,"column":13}},"64":{"start":{"line":65,"column":0},"end":{"line":65,"column":11}},"65":{"start":{"line":66,"column":0},"end":{"line":66,"column":9}},"66":{"start":{"line":67,"column":0},"end":{"line":67,"column":7}},"67":{"start":{"line":68,"column":0},"end":{"line":68,"column":5}},"68":{"start":{"line":69,"column":0},"end":{"line":69,"column":0}},"69":{"start":{"line":70,"column":0},"end":{"line":70,"column":21}},"70":{"start":{"line":71,"column":0},"end":{"line":71,"column":3}},"71":{"start":{"line":72,"column":0},"end":{"line":72,"column":0}},"72":{"start":{"line":73,"column":0},"end":{"line":73,"column":5}},"73":{"start":{"line":74,"column":0},"end":{"line":74,"column":37}},"74":{"start":{"line":75,"column":0},"end":{"line":75,"column":5}},"75":{"start":{"line":76,"column":0},"end":{"line":76,"column":78}},"76":{"start":{"line":77,"column":0},"end":{"line":77,"column":40}},"77":{"start":{"line":78,"column":0},"end":{"line":78,"column":3}},"78":{"start":{"line":79,"column":0},"end":{"line":79,"column":0}},"79":{"start":{"line":80,"column":0},"end":{"line":80,"column":5}},"80":{"start":{"line":81,"column":0},"end":{"line":81,"column":39}},"81":{"start":{"line":82,"column":0},"end":{"line":82,"column":5}},"82":{"start":{"line":83,"column":0},"end":{"line":83,"column":57}},"83":{"start":{"line":84,"column":0},"end":{"line":84,"column":20}},"84":{"start":{"line":85,"column":0},"end":{"line":85,"column":38}},"85":{"start":{"line":86,"column":0},"end":{"line":86,"column":12}},"86":{"start":{"line":87,"column":0},"end":{"line":87,"column":28}},"87":{"start":{"line":88,"column":0},"end":{"line":88,"column":5}},"88":{"start":{"line":89,"column":0},"end":{"line":89,"column":3}},"89":{"start":{"line":90,"column":0},"end":{"line":90,"column":0}},"90":{"start":{"line":91,"column":0},"end":{"line":91,"column":5}},"91":{"start":{"line":92,"column":0},"end":{"line":92,"column":46}},"92":{"start":{"line":93,"column":0},"end":{"line":93,"column":5}},"93":{"start":{"line":94,"column":0},"end":{"line":94,"column":71}},"94":{"start":{"line":95,"column":0},"end":{"line":95,"column":44}},"95":{"start":{"line":96,"column":0},"end":{"line":96,"column":52}},"96":{"start":{"line":97,"column":0},"end":{"line":97,"column":3}},"97":{"start":{"line":98,"column":0},"end":{"line":98,"column":1}}},"s":{"0":1,"1":1,"2":1,"3":1,"4":1,"5":1,"6":1,"7":1,"8":1,"9":1,"10":1,"11":1,"12":1,"13":1,"14":20,"15":20,"16":20,"17":20,"18":20,"19":15,"20":15,"21":20,"22":2
[...]
{"line":50,"column":0},"end":{"line":50,"column":32}},"50":{"start":{"line":51,"column":0},"end":{"line":51,"column":59}},"51":{"start":{"line":52,"column":0},"end":{"line":52,"column":66}},"52":{"start":{"line":53,"column":0},"end":{"line":53,"column":2}},"53":{"start":{"line":54,"column":0},"end":{"line":54,"column":17}},"54":{"start":{"line":55,"column":0},"end":{"line":55,"column":25}},"55":{"start":{"line":56,"column":0},"end":{"line":56,"column":32}},"56":{"start":{"line":57,"column":0},"end":{"line":57,"column":5}},"57":{"start":{"line":58,"column":0},"end":{"line":58,"column":4}},"58":{"start":{"line":59,"column":0},"end":{"line":59,"column":47}},"59":{"start":{"line":60,"column":0},"end":{"line":60,"column":3}},"60":{"start":{"line":61,"column":0},"end":{"line":61,"column":2}},"61":{"start":{"line":62,"column":0},"end":{"line":62,"column":14}},"62":{"start":{"line":63,"column":0},"end":{"line":63,"column":2}},"63":{"start":{"line":64,"column":0},"end":{"line":64,"column":0}},"64":{"start":{"line":65,"column":0},"end":{"line":65,"column":3}},"65":{"start":{"line":66,"column":0},"end":{"line":66,"column":72}},"66":{"start":{"line":67,"column":0},"end":{"line":67,"column":3}},"67":{"start":{"line":68,"column":0},"end":{"line":68,"column":82}},"68":{"start":{"line":69,"column":0},"end":{"line":69,"column":35}},"69":{"start":{"line":70,"column":0},"end":{"line":70,"column":2}},"70":{"start":{"line":71,"column":0},"end":{"line":71,"column":24}},"71":{"start":{"line":72,"column":0},"end":{"line":72,"column":35}},"72":{"start":{"line":73,"column":0},"end":{"line":73,"column":44}},"73":{"start":{"line":74,"column":0},"end":{"line":74,"column":2}},"74":{"start":{"line":75,"column":0},"end":{"line":75,"column":30}},"75":{"start":{"line":76,"column":0},"end":{"line":76,"column":10}},"76":{"start":{"line":77,"column":0},"end":{"line":77,"column":33}},"77":{"start":{"line":78,"column":0},"end":{"line":78,"column":4}},"78":{"start":{"line":79,"column":0},"end":{"line":79,"column":23}},"79":{"start":{"line":80,"column":0},"end":{"line":80,"column":27}},"80":{"start":{"line":81,"column":0},"end":{"line":81,"column":32}},"81":{"start":{"line":82,"column":0},"end":{"line":82,"column":34}},"82":{"start":{"line":83,"column":0},"end":{"line":83,"column":32}},"83":{"start":{"line":84,"column":0},"end":{"line":84,"column":5}},"84":{"start":{"line":85,"column":0},"end":{"line":85,"column":4}},"85":{"start":{"line":86,"column":0},"end":{"line":86,"column":73}},"86":{"start":{"line":87,"column":0},"end":{"line":87,"column":4}},"87":{"start":{"line":88,"column":0},"end":{"line":88,"column":27}},"88":{"start":{"line":89,"column":0},"end":{"line":89,"column":31}},"89":{"start":{"line":90,"column":0},"end":{"line":90,"column":34}},"90":{"start":{"line":91,"column":0},"end":{"line":91,"column":31}},"91":{"start":{"line":92,"column":0},"end":{"line":92,"column":5}},"92":{"start":{"line":93,"column":0},"end":{"line":93,"column":39}},"93":{"start":{"line":94,"column":0},"end":{"line":94,"column":15}},"94":{"start":{"line":95,"column":0},"end":{"line":95,"column":58}},"95":{"start":{"line":96,"column":0},"end":{"line":96,"column":36}},"96":{"start":{"line":97,"column":0},"end":{"line":97,"column":4}},"97":{"start":{"line":98,"column":0},"end":{"line":98,"column":16}},"98":{"start":{"line":99,"column":0},"end":{"line":99,"column":70}},"99":{"start":{"line":100,"column":0},"end":{"line":100,"column":5}},"100":{"start":{"line":101,"column":0},"end":{"line":101,"column":3}},"101":{"start":{"line":102,"column":0},"end":{"line":102,"column":2}},"102":{"start":{"line":103,"column":0},"end":{"line":103,"column":14}},"103":{"start":{"line":104,"column":0},"end":{"line":104,"column":2}},"104":{"start":{"line":105,"column":0},"end":{"line":105,"column":0}},"105":{"start":{"line":106,"column":0},"end":{"line":106,"column":3}},"106":{"start":{"line":107,"column":0},"end":{"line":107,"column":41}},"107":{"start":{"line":108,"column":0},"end":{"line":108,"column":3}},"108":{"start":{"line":109,"column":0},"end":{"line":109,"column":79}},"109":{"start":{"line":110,"column":0},"end":{"line":110,"column":54}},"110":{"start":{"line":111,"column":0},"end":{"line":111,"column":2}},"111":{"start":{"line":112,"column":0},"end":{"line":112,"column":50}},"112":{"start":{"line":113,"column":0},"end":{"line":113,"column":55}},"113":{"start":{"line":114,"column":0},"end":{"line":114,"column":45}},"114":{"start":{"line":115,"column":0},"end":{"line":115,"column":39}},"115":{"start":{"line":116,"column":0},"end":{"line":116,"column":69}},"116":{"start":{"line":117,"column":0},"end":{"line":117,"column":28}},"117":{"start":{"line":118,"column":0},"end":{"line":118,"column":2}},"118":{"start":{"line":119,"column":0},"end":{"line":119,"column":44}},"119":{"start":{"line":120,"column":0},"end":{"line":120,"column":2}},"120":{"start":{"line":121,"column":0},"end":{"line":121,"column":34}},"121":{"start":{"line":122,"column":0},"end":{"line":122,"column":39}},"122":{"start":{"line":123,"column":0},"end":{"line":123,"column":2}},"123":{"start":{"line":124,"column":0},"end":{"line":124,"column":22}},"124":{"start":{"line":125,"column":0},"end":{"line":125,"column":2}},"125":{"start":{"line":126,"column":0},"end":{"line":126,"column":47}},"126":{"start":{"line":127,"column":0},"end":{"line":127,"column":47}},"127":{"start":{"line":128,"column":0},"end":{"line":128,"column":47}},"128":{"start":{"line":129,"column":0},"end":{"line":129,"column":2}},"129":{"start":{"line":130,"column":0},"end":{"line":130,"column":65}},"130":{"start":{"line":131,"column":0},"end":{"line":131,"column":65}},"131":{"start":{"line":132,"column":0},"end":{"line":132,"column":65}},"132":{"start":{"line":133,"column":0},"end":{"line":133,"column":2}},"133":{"start":{"line":134,"column":0},"end":{"line":134,"column":48}},"134":{"start":{"line":135,"column":0},"end":{"line":135,"column":2}},"135":{"start":{"line":136,"column":0},"end":{"line":136,"column":0}},"136":{"start":{"line":137,"column":0},"end":{"line":137,"column":3}},"137":{"start":{"line":138,"column":0},"end":{"line":138,"column":48}},"138":{"start":{"line":139,"column":0},"end":{"line":139,"column":3}},"139":{"start":{"line":140,"column":0},"end":{"line":140,"column":81}},"140":{"start":{"line":141,"column":0},"end":{"line":141,"column":35}},"141":{"start":{"line":142,"column":0},"end":{"line":142,"column":2}},"142":{"start":{"line":143,"column":0},"end":{"line":143,"column":51}},"143":{"start":{"line":144,"column":0},"end":{"line":144,"column":2}},"144":{"start":{"line":145,"column":0},"end":{"line":145,"column":27}},"145":{"start":{"line":146,"column":0},"end":{"line":146,"column":27}},"146":{"start":{"line":147,"column":0},"end":{"line":147,"column":27}},"147":{"start":{"line":148,"column":0},"end":{"line":148,"column":2}},"148":{"start":{"line":149,"column":0},"end":{"line":149,"column":53}},"149":{"start":{"line":150,"column":0},"end":{"line":150,"column":2}},"150":{"start":{"line":151,"column":0},"end":{"line":151,"column":0}},"151":{"start":{"line":152,"column":0},"end":{"line":152,"column":3}},"152":{"start":{"line":153,"column":0},"end":{"line":153,"column":89}},"153":{"start":{"line":154,"column":0},"end":{"line":154,"column":3}},"154":{"start":{"line":155,"column":0},"end":{"line":155,"column":81}},"155":{"start":{"line":156,"column":0},"end":{"line":156,"column":35}},"156":{"start":{"line":157,"column":0},"end":{"line":157,"column":2}},"157":{"start":{"line":158,"column":0},"end":{"line":158,"column":31}},"158":{"start":{"line":159,"column":0},"end":{"line":159,"column":29}},"159":{"start":{"line":160,"column":0},"end":{"line":160,"column":2}},"160":{"start":{"line":161,"column":0},"end":{"line":161,"column":52}},"161":{"start":{"line":162,"column":0},"end":{"line":162,"column":30}},"162":{"start":{"line":163,"column":0},"end":{"line":163,"column":53}},"163":{"start":{"line":164,"column":0},"end":{"line":164,"column":5}},"164":{"start":{"line":165,"column":0},"end":{"line":165,"column":2}},"165":{"start":{"line":166,"column":0},"end":{"line":166,"column":16}},"166":{"start":{"line":167,"column":0},"end":{"line":167,"column":2}}},"s":{"0":1,"1":1,"2":1,"3":1,"4":1,"5":1,"6":1,"7":1,"8":1,"9":1,"10":1,"11":3,"12":2,"13":2,"14":1,"15":1,"16":1,"17":1,"18":1,"19":6,"20":5,"21":5,"22":5,"23":6,"24":4,"25":4,"26":5,"27":5,"28":5,"29":1,"30":1,"31":1,"32":1,"33":4,"34":4,"35":0,"36":0,"37":4,"38":4,"39":4,"40":4,"41":1,"42":1,"43":1,"44":1,"45":1,"46":5,"47":4,"48":4,"49":4,"50":5,"51":5,"52":5,"53":5,"54":3,"55":1,"56":1,"57":3,"58":3,"59":3,"60":1,"61":1,"62":1,"63":1,"64":1,"65":1,"66":1,"67":1,"68":6,"69":5,"70":5,"71":5,"72":5,"73":5,"74":6,"75":4,"76":4,"77":4,"78":4,"79":4,"80":0,"81":4,"82":0,"83":0,"84":4,"85":4,"86":4,"87":4,"88":1,"89":4,"90":3,"91":3,"92":6,"93":1,"94":1,"95":1,"96":1,"97":1,"98":1,"99":1,"100":1,"101":0,"102":0,"103":0,"104":1,"105":1,"106":1,"107":1,"108":1,"109":8,"110":6,"111":6,"112":6,"113":8,"114":8,"115":1,"116":5,"117":8,"118":8,"119":8,"120":8,"121":8,"122":8,"123":8,"124":8,"125":8,"126":8,"127":8,"128":8,"129":8,"130":8,"131":8,"132":8,"133":8,"134":8,"135":1,"136":1,"137":1,"138":1,"139":1,"140":6,"141":5,"142":5,"143":5,"144":5,"145":5,"146":5,"147":5,"148":5,"149":5,"150":1,"151":1,"152":1,"153":1,"154":1,"155":8,"156":7,"157":7,"158":7,"159":7,"160":7,"161":12,"162":12,"163":7,"164":7,"165":7,"166":7},"branchMap":{"0":{"type":"branch","line":11,"loc":{"start":{"line":11,"column":32},"end":{"line":14,"column":2}},"locations":[{"start":{"line":11,"column":32},"end":{"line":14,"column":2}}]},"1":{"type":"branch","line":12,"loc":{"start":{"line":12,"column":23},"end":{"line":12,"column":35}},"locations":[{"start":{"line":12,"column":23},"end":{"line":12,"column":35}}]},"2":{"type":"branch","line":12,"loc":{"start":{"line":12,"column":30},"end":{"line":14,"column":2}},"locations":[{"start":{"line":12,"column":30},"end":{"line":14,"column":2}}]},"3":{"type":"branch","line":19,"loc":{"start":{"line":19,"column":33},"end":{"line":29,"column":2}},"locations":[{"start":{"line":19,"column":33},"end":{"line":29,"column":2}}]},"4":{"type":"branch","line":20,"loc":{"start":{"line":20,"column":23},"end":{"line":20,"column":35}},"locations":[{"start":{"line":20,"column":23},"end":{"line":20,"column":35}}]},"5":{"type":"branch","line":20,"loc":{"start":{"line":20,"column":30},"end":{"line":24,"column":26}},"locations":[{"start":{"line":20,"column":30},"end":{"line":24,"column":26}}]},"6":{"type":"branch","line":24,"loc":{"start":{"line":24,"column":21},"end":{"line":24,"column":49}},"locations":[{"start":{"line":24,"column":21},"end":{"line":24,"column":49}}]},"7":{"type":"branch","line":24,"loc":{"start":{"line":24,"column":49},"end":{"line":26,"column":3}},"locations":[{"start":{"line":24,"column":49},"end":{"line":26,"column":3}}]},"8":{"type":"branch","line":26,"loc":{"start":{"line":26,"column":2},"end":{"line":29,"column":2}},"locations":[{"start":{"line":26,"column":2},"end":{"line":29,"column":2}}]},"9":{"type":"branch","line":34,"loc":{"start":{"line":34,"column":0},"end":{"line":41,"column":1}},"locations":[{"start":{"line":34,"column":0},"end":{"line":41,"column":1}}]},"10":{"type":"branch","line":35,"loc":{"start":{"line":35,"column":27},"end":{"line":37,"column":3}},"locations":[{"start":{"line":35,"column":27},"end":{"line":37,"column":3}}]},"11":{"type":"branch","line":40,"loc":{"start":{"line":40,"column":51},"end":{"line":40,"column":59}},"locations":[{"start":{"line":40,"column":51},"end":{"line":40,"column":59}}]},"12":{"type":"branch","line":46,"loc":{"start":{"line":46,"column":34},"end":{"line":63,"column":2}},"locations":[{"start":{"line":46,"column":34},"end":{"line":63,"column":2}}]},"13":{"type":"branch","line":47,"loc":{"start":{"line":47,"column":23},"end":{"line":47,"column":35}},"locations":[{"start":{"line":47,"column":23},"end":{"line":47,"column":35}}]},"14":{"type":"branch","line":47,"loc":{"start":{"line":47,"column":30},"end":{"line":51,"column":34}},"locations":[{"start":{"line":47,"column":30},"end":{"line":51,"column":34}}]},"15":{"type":"branch","line":51,"loc":{"start":{"line":51,"column":30},"end":{"line":51,"column":56}},"locations":[{"start":{"line":51,"column":30},"end":{"line":51,"column":56}}]},"16":{"type":"branch","line":51,"loc":{"start":{"line":51,"column":52},"end":{"line":51,"column":59}},"locations":[{"start":{"line":51,"column":52},"end":{"line":51,"column":59}}]},"17":{"type":"branch","line":52,"loc":{"start":{"line":52,"column":37},"end":{"line":52,"column":63}},"locations":[{"start":{"line":52,"column":37},"end":{"line":52,"column":63}}]},"18":{"type":"branch","line":52,"loc":{"start":{"line":52,"column":59},"end":{"line":52,"column":66}},"locations":[{"start":{"line":52,"column":59},"end":{"line":52,"column":66}}]},"19":{"type":"branch","line":54,"loc":{"start":{"line":54,"column":16},"end":{"line":60,"column":3}},"locations":[{"start":{"line":54,"column":16},"end":{"line":60,"column":3}}]},"20":{"type":"branch","line":55,"loc":{"start":{"line":55,"column":24},"end":{"line":57,"column":5}},"locations":[{"start":{"line":55,"column":24},"end":{"line":57,"column":5}}]},"21":{"type":"branch","line":60,"loc":{"start":{"line":60,"column":2},"end":{"line":63,"column":2}},"locations":[{"start":{"line":60,"column":2},"end":{"line":63,"column":2}}]},"22":{"type":"branch","line":68,"loc":{"start":{"line":68,"column":36},"end":{"line":104,"column":2}},"locations":[{"start":{"line":68,"column":36},"end":{"line":104,"column":2}}]},"23":{"type":"branch","line":69,"loc":{"start":{"line":69,"column":23},"end":{"line":69,"column":35}},"locations":[{"start":{"line":69,"column":23},"end":{"line":69,"column":35}}]},"24":{"type":"branch","line":69,"loc":{"start":{"line":69,"column":30},"end":{"line":75,"column":29}},"locations":[{"start":{"line":69,"column":30},"end":{"line":75,"column":29}}]},"25":{"type":"branch","line":75,"loc":{"start":{"line":75,"column":29},"end":{"line":93,"column":13}},"locations":[{"start":{"line":75,"column":29},"end":{"line":93,"column":13}}]},"26":{"type":"branch","line":80,"loc":{"start":{"line":80,"column":26},"end":{"line":82,"column":15}},"locations":[{"start":{"line":80,"column":26},"end":{"line":82,"column":15}}]},"27":{"type":"branch","line":82,"loc":{"start":{"line":82,"column":33},"end":{"line":84,"column":5}},"locations":[{"start":{"line":82,"column":33},"end":{"line":84,"column":5}}]},"28":{"type":"branch","line":88,"loc":{"start":{"line":88,"column":26},"end":{"line":90,"column":15}},"locations":[{"start":{"line":88,"column":26},"end":{"line":90,"column":15}}]},"29":{"type":"branch","line":90,"loc":{"start":{"line":90,"column":4},"end":{"line":92,"column":5}},"locations":[{"start":{"line":90,"column":4},"end":{"line":92,"column":5}}]},"30":{"type":"branch","line":93,"loc":{"start":{"line":93,"column":2},"end":{"line":101,"column":3}},"locations":[{"start":{"line":93,"column":2},"end":{"line":101,"column":3}}]},"31":{"type":"branch","line":101,"loc":{"start":{"line":101,"column":2},"end":{"line":104,"column":2}},"locations":[{"start":{"line":101,"column":2},"end":{"line":104,"column":2}}]},"32":{"type":"branch","line":109,"loc":{"start":{"line":109,"column":33},"end":{"line":135,"column":2}},"locations":[{"start":{"line":109,"column":33},"end":{"line":135,"column":2}}]},"33":{"type":"branch","line":110,"loc":{"start":{"line":110,"column":17},"end":{"line":110,"column":42}},"locations":[{"start":{"line":110,"column":17},"end":{"line":110,"column":42}}]},"34":{"type":"branch","line":110,"loc":{"start":{"line":110,"column":42},"end":{"line":110,"column":54}},"locations":[{"start":{"line":110,"column":42},"end":{"line":110,"column":54}}]},"35":{"type":"branch","line":110,"loc":{"start":{"line":110,"column":49},"end":{"line":114,"column":38}},"locations":[{"start":{"line":110,"column":49},"end":{"line":114,"column":38}}]},"36":{"type":"branch","line":114,"loc":{"start":{"line":114,"column":33},"end":{"line":114,"column":43}},"locations":[{"start":{"line":114,"column":33},"end":{"line":114,"column":43}}]},"37":{"type":"branch","line":115,"loc":{"start":{"line":115,"column":37},"end":{"line":116,"column":69}},"locations":[{"start":{"line":115,"column":37},"end":{"line":116,"column":69}}]},"38":{"type":"branch","line":116,"loc":{"start":{"line":116,"column":65},"end":{"line":117,"column":28}},"locations":[{"start":{"line":116,"column":65},"end":{"line":117,"column":28}}]},"39":{"type":"branch","line":140,"loc":{"start":{"line":140,"column":35},"end":{"line":150,"column":2}},"locations":[{"start":{"line":140,"column":35},"end":{"line":150,"column":2}}]},"40":{"type":"branch","line":141,"loc":{"start":{"line":141,"column":23},"end":{"line":141,"column":35}},"locations":[{"start":{"line":141,"column":23},"end":{"line":141,"column":35}}]},"41":{"type":"branch","line":141,"loc":{"start":{"line":141,"column":30},"end":{"line":150,"column":2}},"locations":[{"start":{"line":141,"column":30},"end":{"line":150,"column":2}}]},"42":{"type":"branch","line":155,"loc":{"start":{"line":155,"column":35},"end":{"line":167,"column":2}},"locations":[{"start":{"line":155,"column":35},"end":{"line":167,"column":2}}]},"43":{"type":"branch","line":156,"loc":{"start":{"line":156,"column":23},"end":{"line":156,"column":35}},"locations":[{"start":{"line":156,"column":23},"end":{"line":156,"column":35}}]},"44":{"type":"branch","line":156,"loc":{"start":{"line":156,"column":30},"end":{"line":167,"column":2}},"locations":[{"start":{"line":156,"column":30},"end":{"line":167,"column":2}}]},"45":{"type":"branch","line":161,"loc":{"start":{"line":161,"column":33},"end":{"line":164,"column":3}},"locations":[{"start":{"line":161,"column":33},"end":{"line":164,"column":3}}]},"46":{"type":"branch","line":163,"loc":{"start":{"line":163,"column":22},"end":{"line":163,"column":47}},"locations":[{"start":{"line":163,"column":22},"end":{"line":163,"column":47}}]},"47":{"type":"branch","line":163,"loc":{"start":{"line":163,"column":43},"end":{"line":163,"column":53}},"locations":[{"start":{"line":163,"column":43},"end":{"line":163,"column":53}}]}},"b":{"0":[3],"1":[1],"2":[2],"3":[6],"4":[1],"5":[5],"6":[2],"7":[4],"8":[5],"9":[4],"10":[0],"11":[0],"12":[5],"13":[1],"14":[4],"15":[3],"16":[1],"17":[0],"18":[4],"19":[3],"20":[1],"21":[1],"22":[6],"23":[1],"24":[5],"25":[4],"26":[0],"27":[0],"28":[1],"29":[3],"30":[1],"31":[0],"32":[8],"33":[7],"34":[2],"35":[6],"36":[1],"37":[1],"38":[5],"39":[6],"40":[1],"41":[5],"42":[8],"43":[1],"44":[7],"45":[12],"46":[11],"47":[1]},"fnMap":{"0":{"name":"url","decl":{"start":{"line":11,"column":32},"end":{"line":14,"column":2}},"loc":{"start":{"line":11,"column":32},"end":{"line":14,"column":2}},"line":11},"1":{"name":"toPx","decl":{"start":{"line":19,"column":33},"end":{"line":29,"column":2}},"loc":{"start":{"line":19,"column":33},"end":{"line":29,"column":2}},"line":19},"2":{"name":"getUnit","decl":{"start":{"line":34,"column":0},"end":{"line":41,"column":1}},"loc":{"start":{"line":34,"column":0},"end":{"line":41,"column":1}},"line":34},"3":{"name":"toRem","decl":{"start":{"line":46,"column":34},"end":{"line":63,"column":2}},"loc":{"start":{"line":46,"column":34},"end":{"line":63,"column":2}},"line":46},"4":{"name":"opacify","decl":{"start":{"line":68,"column":36},"end":{"line":104,"column":2}},"loc":{"start":{"line":68,"column":36},"end":{"line":104,"column":2}},"line":68},"5":{"name":"tint","decl":{"start":{"line":109,"column":33},"end":{"line":135,"column":2}},"loc":{"start":{"line":109,"column":33},"end":{"line":135,"column":2}},"line":109},"6":{"name":"invert","decl":{"start":{"line":140,"column":35},"end":{"line":150,"column":2}},"loc":{"start":{"line":140,"column":35},"end":{"line":150,"column":2}},"line":140},"7":{"name":"printf","decl":{"start":{"line":155,"column":35},"end":{"line":167,"column":2}},"loc":{"start":{"line":155,"column":35},"end":{"line":167,"column":2}},"line":155}},"f":{"0":3,"1":6,"2":4,"3":5,"4":6,"5":8,"6":6,"7":8}}
}
